#
# There is insufficient memory for the Java Runtime Environment to continue.
# Native memory allocation (malloc) failed to allocate 32744 bytes for ChunkPool::allocate
# Possible reasons:
#   The system is out of physical RAM or swap space
#   The process is running with CompressedOops enabled, and the Java Heap may be blocking the growth of the native heap
# Possible solutions:
#   Reduce memory load on the system
#   Increase physical memory or swap space
#   Check if swap backing store is full
#   Decrease Java heap size (-Xmx/-Xms)
#   Decrease number of Java threads
#   Decrease Java thread stack sizes (-Xss)
#   Set larger code cache with -XX:ReservedCodeCacheSize=
#   JVM is running with Unscaled Compressed Oops mode in which the Java heap is
#     placed in the first 4GB address space. The Java Heap base address is the
#     maximum limit for the native heap growth. Please use -XX:HeapBaseMinAddress
#     to set the Java Heap base and to place the Java Heap above 4GB virtual address.
# This output file may be truncated or incomplete.
#
#  Out of Memory Error (allocation.cpp:272), pid=5432, tid=0x00000000000002f8
#
# JRE version: Java(TM) SE Runtime Environment (8.0_231-b11) (build 1.8.0_231-b11)
# Java VM: Java HotSpot(TM) 64-Bit Server VM (25.231-b11 mixed mode windows-amd64 compressed oops)
# Failed to write core dump. Minidumps are not enabled by default on client versions of Windows
#

---------------  T H R E A D  ---------------

Current thread (0x0000000019bab000):  JavaThread "C1 CompilerThread2" daemon [_thread_in_native, id=760, stack(0x000000001a4e0000,0x000000001a5e0000)]

Stack: [0x000000001a4e0000,0x000000001a5e0000]
[error occurred during error reporting (printing stack bounds), id 0xc0000005]

Native frames: (J=compiled Java code, j=interpreted, Vv=VM code, C=native code)


Current CompileTask:
C1:  15260 4872       1       javax.management.MBeanPermission::getMask (3116 bytes)


---------------  P R O C E S S  ---------------

Java Threads: ( => current thread )
  0x000000001d805800 JavaThread "JMX server connection timeout 84" daemon [_thread_blocked, id=3820, stack(0x00000000228a0000,0x00000000229a0000)]
  0x000000001d804800 JavaThread "JMX server connection timeout 83" daemon [_thread_blocked, id=12172, stack(0x00000000227a0000,0x00000000228a0000)]
  0x000000001d804000 JavaThread "RMI TCP Connection(3)-192.168.1.6" daemon [_thread_in_native, id=17128, stack(0x00000000213d0000,0x00000000214d0000)]
  0x000000001d7fc800 JavaThread "RMI TCP Connection(2)-192.168.1.6" daemon [_thread_in_native, id=14916, stack(0x00000000210d0000,0x00000000211d0000)]
  0x000000001d801000 JavaThread "DestroyJavaVM" [_thread_blocked, id=5588, stack(0x0000000003230000,0x0000000003330000)]
  0x000000001d803000 JavaThread "http-nio-7001-AsyncTimeout" daemon [_thread_blocked, id=14332, stack(0x0000000020ed0000,0x0000000020fd0000)]
  0x000000001d800000 JavaThread "http-nio-7001-Acceptor-0" daemon [_thread_in_native, id=10856, stack(0x0000000020dd0000,0x0000000020ed0000)]
  0x000000001d802800 JavaThread "http-nio-7001-ClientPoller-1" daemon [_thread_in_native, id=3740, stack(0x0000000020cd0000,0x0000000020dd0000)]
  0x000000001d7ff800 JavaThread "http-nio-7001-ClientPoller-0" daemon [_thread_in_native, id=14404, stack(0x0000000020bd0000,0x0000000020cd0000)]
  0x000000001d801800 JavaThread "http-nio-7001-exec-10" daemon [_thread_blocked, id=9220, stack(0x0000000020ad0000,0x0000000020bd0000)]
  0x000000001d7f8000 JavaThread "http-nio-7001-exec-9" daemon [_thread_blocked, id=9676, stack(0x00000000209d0000,0x0000000020ad0000)]
  0x000000001d7fe000 JavaThread "http-nio-7001-exec-8" daemon [_thread_blocked, id=5180, stack(0x00000000208d0000,0x00000000209d0000)]
  0x000000001d7fe800 JavaThread "http-nio-7001-exec-7" daemon [_thread_blocked, id=1660, stack(0x00000000207d0000,0x00000000208d0000)]
  0x000000001d7f9800 JavaThread "http-nio-7001-exec-6" daemon [_thread_blocked, id=13996, stack(0x00000000206d0000,0x00000000207d0000)]
  0x000000001d7fb800 JavaThread "http-nio-7001-exec-5" daemon [_thread_blocked, id=2816, stack(0x00000000205d0000,0x00000000206d0000)]
  0x000000001d7f7000 JavaThread "http-nio-7001-exec-4" daemon [_thread_blocked, id=13296, stack(0x00000000204d0000,0x00000000205d0000)]
  0x000000001d7fb000 JavaThread "http-nio-7001-exec-3" daemon [_thread_blocked, id=17044, stack(0x00000000203d0000,0x00000000204d0000)]
  0x000000001d7fa000 JavaThread "http-nio-7001-exec-2" daemon [_thread_blocked, id=16756, stack(0x00000000202d0000,0x00000000203d0000)]
  0x000000001d7fd000 JavaThread "http-nio-7001-exec-1" daemon [_thread_blocked, id=13620, stack(0x00000000201d0000,0x00000000202d0000)]
  0x000000001d7f8800 JavaThread "NioBlockingSelector.BlockPoller-1" daemon [_thread_in_native, id=2432, stack(0x00000000200d0000,0x00000000201d0000)]
  0x000000001bbee800 JavaThread "Eureka-CacheFillTimer" daemon [_thread_blocked, id=19628, stack(0x000000001fdd0000,0x000000001fed0000)]
  0x000000001bbf0000 JavaThread "Eureka-PeerNodesUpdater" daemon [_thread_blocked, id=5392, stack(0x000000001fcd0000,0x000000001fdd0000)]
  0x000000001bbec000 JavaThread "Eureka-MeasureRateTimer" daemon [_thread_blocked, id=10028, stack(0x000000001fad0000,0x000000001fbd0000)]
  0x000000001bbef000 JavaThread "ReplicaAwareInstanceRegistry - RenewalThresholdUpdater" daemon [_thread_blocked, id=17340, stack(0x000000001f9d0000,0x000000001fad0000)]
  0x000000001bbf1800 JavaThread "Eureka-MeasureRateTimer" daemon [_thread_blocked, id=14280, stack(0x000000001f8d0000,0x000000001f9d0000)]
  0x000000001bbed000 JavaThread "Eureka-EvictionTimer" daemon [_thread_blocked, id=9100, stack(0x000000001f7d0000,0x000000001f8d0000)]
  0x000000001bbed800 JavaThread "Eureka-DeltaRetentionTimer" daemon [_thread_blocked, id=17880, stack(0x000000001f6d0000,0x000000001f7d0000)]
  0x000000001bbf2800 JavaThread "Live Reload Server" daemon [_thread_in_native, id=14032, stack(0x000000001f3d0000,0x000000001f4d0000)]
  0x000000001bbf3000 JavaThread "File Watcher" daemon [_thread_blocked, id=14096, stack(0x000000001f1d0000,0x000000001f2d0000)]
  0x000000001bbf1000 JavaThread "spring.cloud.inetutils" daemon [_thread_blocked, id=9984, stack(0x000000001ebd0000,0x000000001ecd0000)]
  0x000000001958c000 JavaThread "container-0" [_thread_blocked, id=12040, stack(0x000000001e9d0000,0x000000001ead0000)]
  0x000000001958b000 JavaThread "ContainerBackgroundProcessor[StandardEngine[Tomcat]]" daemon [_thread_blocked, id=11956, stack(0x000000001e8d0000,0x000000001e9d0000)]
  0x000000001b18b000 JavaThread "localhost-startStop-1" daemon [_thread_blocked, id=14788, stack(0x000000001d200000,0x000000001d300000)]
  0x000000001b18a800 JavaThread "Tomcat-startStop-1" daemon [_thread_blocked, id=10004, stack(0x000000001d100000,0x000000001d200000)]
  0x0000000019b39000 JavaThread "RMI Scheduler(0)" daemon [_thread_blocked, id=19460, stack(0x000000001bf00000,0x000000001c000000)]
  0x0000000019b38000 JavaThread "RMI TCP Connection(1)-192.168.1.6" daemon [_thread_in_native, id=11316, stack(0x000000001be00000,0x000000001bf00000)]
  0x0000000019e31000 JavaThread "RMI TCP Accept-0" daemon [_thread_in_native, id=4700, stack(0x000000001a720000,0x000000001a820000)]
  0x0000000019bb7800 JavaThread "Service Thread" daemon [_thread_blocked, id=12228, stack(0x000000001a5e0000,0x000000001a6e0000)]
=>0x0000000019bab000 JavaThread "C1 CompilerThread2" daemon [_thread_in_native, id=760, stack(0x000000001a4e0000,0x000000001a5e0000)]
  0x0000000019b49800 JavaThread "C2 CompilerThread1" daemon [_thread_blocked, id=12692, stack(0x000000001a3e0000,0x000000001a4e0000)]
  0x0000000019b48800 JavaThread "C2 CompilerThread0" daemon [_thread_blocked, id=4460, stack(0x000000001a2e0000,0x000000001a3e0000)]
  0x0000000019b51800 JavaThread "Monitor Ctrl-Break" daemon [_thread_in_native, id=17780, stack(0x000000001a1e0000,0x000000001a2e0000)]
  0x00000000180bd000 JavaThread "Attach Listener" daemon [_thread_blocked, id=18776, stack(0x00000000198e0000,0x00000000199e0000)]
  0x00000000180bc800 JavaThread "Signal Dispatcher" daemon [_thread_blocked, id=11868, stack(0x00000000197e0000,0x00000000198e0000)]
  0x000000001807a800 JavaThread "Finalizer" daemon [_thread_blocked, id=20384, stack(0x00000000192e0000,0x00000000193e0000)]
  0x0000000018079000 JavaThread "Reference Handler" daemon [_thread_blocked, id=13216, stack(0x00000000191e0000,0x00000000192e0000)]

Other Threads:
  0x0000000018057000 VMThread [stack: 0x00000000190e0000,0x00000000191e0000] [id=18064]
  0x0000000019e43800 WatcherThread [stack: 0x000000001a880000,0x000000001a980000] [id=5672]

VM state:not at safepoint (normal execution)

VM Mutex/Monitor currently owned by a thread: None

heap address: 0x0000000081c00000, size: 2020 MB, Compressed Oops mode: 32-bit
Narrow klass base: 0x0000000000000000, Narrow klass shift: 3
Compressed class space size: 1073741824 Address: 0x0000000100000000

Heap:
 PSYoungGen      total 359424K, used 175923K [0x00000000d5f00000, 0x00000000f3a80000, 0x0000000100000000)
  eden space 342528K, 47% used [0x00000000d5f00000,0x00000000dfc79688,0x00000000ead80000)
  from space 16896K, 86% used [0x00000000ead80000,0x00000000ebbd3590,0x00000000ebe00000)
  to   space 17920K, 0% used [0x00000000f2900000,0x00000000f2900000,0x00000000f3a80000)
 ParOldGen       total 92672K, used 26834K [0x0000000081c00000, 0x0000000087680000, 0x00000000d5f00000)
  object space 92672K, 28% used [0x0000000081c00000,0x0000000083634af0,0x0000000087680000)
 Metaspace       used 43624K, capacity 44478K, committed 44800K, reserved 1089536K
  class space    used 5824K, capacity 6021K, committed 6144K, reserved 1048576K

Card table byte_map: [0x0000000012920000,0x0000000012d20000] byte_map_base: 0x0000000012512000

Marking Bits: (ParMarkBitMap*) 0x0000000063616d90
 Begin Bits: [0x00000000133d0000, 0x0000000015360000)
 End Bits:   [0x0000000015360000, 0x00000000172f0000)

Polling page: 0x0000000000df0000

CodeCache: size=245760Kb used=9932Kb max_used=9932Kb free=235827Kb
 bounds [0x0000000003560000, 0x0000000003f20000, 0x0000000012560000]
 total_blobs=5263 nmethods=4785 adapters=389
 compilation: enabled

Compilation events (10 events):
Event: 15.158 Thread 0x0000000019bab000 nmethod 4865 0x0000000003f12490 code [0x0000000003f12620, 0x0000000003f12a28]
Event: 15.158 Thread 0x0000000019bab000 4866       1       java.io.ObjectOutputStream$BlockDataOutputStream::writeBlockHeader (70 bytes)
Event: 15.159 Thread 0x0000000019bab000 nmethod 4866 0x0000000003f12cd0 code [0x0000000003f12e60, 0x0000000003f130a8]
Event: 15.160 Thread 0x0000000019bab000 4867       1       sun.misc.SharedSecrets::getJavaOISAccess (18 bytes)
Event: 15.160 Thread 0x0000000019bab000 nmethod 4867 0x0000000003f13250 code [0x0000000003f133c0, 0x0000000003f13508]
Event: 15.160 Thread 0x0000000019bab000 4868       1       java.io.ObjectInputStream$HandleTable::grow (85 bytes)
Event: 15.160 Thread 0x0000000019bab000 nmethod 4868 0x0000000003f13590 code [0x0000000003f13720, 0x0000000003f13c48]
Event: 15.160 Thread 0x0000000019bab000 4869       1       javax.management.remote.rmi.RMIConnectionImpl$CombinedClassLoader::<init> (7 bytes)
Event: 15.161 Thread 0x0000000019bab000 nmethod 4869 0x0000000003f13dd0 code [0x0000000003f13f60, 0x0000000003f14218]
Event: 15.161 Thread 0x0000000019bab000 4872       1       javax.management.MBeanPermission::getMask (3116 bytes)

GC Heap History (10 events):
Event: 7.923 GC heap before
{Heap before GC invocations=9 (full 1):
 PSYoungGen      total 143360K, used 137648K [0x00000000d5f00000, 0x00000000e5a00000, 0x0000000100000000)
  eden space 133120K, 100% used [0x00000000d5f00000,0x00000000de100000,0x00000000de100000)
  from space 10240K, 44% used [0x00000000de100000,0x00000000de56c360,0x00000000deb00000)
  to   space 10240K, 0% used [0x00000000e5000000,0x00000000e5000000,0x00000000e5a00000)
 ParOldGen       total 52736K, used 7455K [0x0000000081c00000, 0x0000000084f80000, 0x00000000d5f00000)
  object space 52736K, 14% used [0x0000000081c00000,0x0000000082347ee8,0x0000000084f80000)
 Metaspace       used 24370K, capacity 24730K, committed 24832K, reserved 1071104K
  class space    used 3205K, capacity 3295K, committed 3328K, reserved 1048576K
Event: 7.934 GC heap after
Heap after GC invocations=9 (full 1):
 PSYoungGen      total 244736K, used 6949K [0x00000000d5f00000, 0x00000000e5900000, 0x0000000100000000)
  eden space 235520K, 0% used [0x00000000d5f00000,0x00000000d5f00000,0x00000000e4500000)
  from space 9216K, 75% used [0x00000000e5000000,0x00000000e56c95d8,0x00000000e5900000)
  to   space 10240K, 0% used [0x00000000e4500000,0x00000000e4500000,0x00000000e4f00000)
 ParOldGen       total 52736K, used 7463K [0x0000000081c00000, 0x0000000084f80000, 0x00000000d5f00000)
  object space 52736K, 14% used [0x0000000081c00000,0x0000000082349ee8,0x0000000084f80000)
 Metaspace       used 24370K, capacity 24730K, committed 24832K, reserved 1071104K
  class space    used 3205K, capacity 3295K, committed 3328K, reserved 1048576K
}
Event: 9.479 GC heap before
{Heap before GC invocations=10 (full 1):
 PSYoungGen      total 244736K, used 242469K [0x00000000d5f00000, 0x00000000e5900000, 0x0000000100000000)
  eden space 235520K, 100% used [0x00000000d5f00000,0x00000000e4500000,0x00000000e4500000)
  from space 9216K, 75% used [0x00000000e5000000,0x00000000e56c95d8,0x00000000e5900000)
  to   space 10240K, 0% used [0x00000000e4500000,0x00000000e4500000,0x00000000e4f00000)
 ParOldGen       total 52736K, used 7463K [0x0000000081c00000, 0x0000000084f80000, 0x00000000d5f00000)
  object space 52736K, 14% used [0x0000000081c00000,0x0000000082349ee8,0x0000000084f80000)
 Metaspace       used 30321K, capacity 30770K, committed 30976K, reserved 1077248K
  class space    used 3948K, capacity 4078K, committed 4096K, reserved 1048576K
Event: 9.507 GC heap after
Heap after GC invocations=10 (full 1):
 PSYoungGen      total 245760K, used 10226K [0x00000000d5f00000, 0x00000000ecd80000, 0x0000000100000000)
  eden space 235520K, 0% used [0x00000000d5f00000,0x00000000d5f00000,0x00000000e4500000)
  from space 10240K, 99% used [0x00000000e4500000,0x00000000e4efc988,0x00000000e4f00000)
  to   space 15872K, 0% used [0x00000000ebe00000,0x00000000ebe00000,0x00000000ecd80000)
 ParOldGen       total 52736K, used 19200K [0x0000000081c00000, 0x0000000084f80000, 0x00000000d5f00000)
  object space 52736K, 36% used [0x0000000081c00000,0x0000000082ec0280,0x0000000084f80000)
 Metaspace       used 30321K, capacity 30770K, committed 30976K, reserved 1077248K
  class space    used 3948K, capacity 4078K, committed 4096K, reserved 1048576K
}
Event: 10.165 GC heap before
{Heap before GC invocations=11 (full 1):
 PSYoungGen      total 245760K, used 83656K [0x00000000d5f00000, 0x00000000ecd80000, 0x0000000100000000)
  eden space 235520K, 31% used [0x00000000d5f00000,0x00000000da6b5970,0x00000000e4500000)
  from space 10240K, 99% used [0x00000000e4500000,0x00000000e4efc988,0x00000000e4f00000)
  to   space 15872K, 0% used [0x00000000ebe00000,0x00000000ebe00000,0x00000000ecd80000)
 ParOldGen       total 52736K, used 19200K [0x0000000081c00000, 0x0000000084f80000, 0x00000000d5f00000)
  object space 52736K, 36% used [0x0000000081c00000,0x0000000082ec0280,0x0000000084f80000)
 Metaspace       used 34819K, capacity 35294K, committed 35416K, reserved 1079296K
  class space    used 4675K, capacity 4800K, committed 4864K, reserved 1048576K
Event: 10.185 GC heap after
Heap after GC invocations=11 (full 1):
 PSYoungGen      total 358400K, used 12572K [0x00000000d5f00000, 0x00000000ed300000, 0x0000000100000000)
  eden space 342528K, 0% used [0x00000000d5f00000,0x00000000d5f00000,0x00000000ead80000)
  from space 15872K, 79% used [0x00000000ebe00000,0x00000000eca47150,0x00000000ecd80000)
  to   space 16896K, 0% used [0x00000000ead80000,0x00000000ead80000,0x00000000ebe00000)
 ParOldGen       total 52736K, used 21350K [0x0000000081c00000, 0x0000000084f80000, 0x00000000d5f00000)
  object space 52736K, 40% used [0x0000000081c00000,0x00000000830d9908,0x0000000084f80000)
 Metaspace       used 34819K, capacity 35294K, committed 35416K, reserved 1079296K
  class space    used 4675K, capacity 4800K, committed 4864K, reserved 1048576K
}
Event: 10.185 GC heap before
{Heap before GC invocations=12 (full 2):
 PSYoungGen      total 358400K, used 12572K [0x00000000d5f00000, 0x00000000ed300000, 0x0000000100000000)
  eden space 342528K, 0% used [0x00000000d5f00000,0x00000000d5f00000,0x00000000ead80000)
  from space 15872K, 79% used [0x00000000ebe00000,0x00000000eca47150,0x00000000ecd80000)
  to   space 16896K, 0% used [0x00000000ead80000,0x00000000ead80000,0x00000000ebe00000)
 ParOldGen       total 52736K, used 21350K [0x0000000081c00000, 0x0000000084f80000, 0x00000000d5f00000)
  object space 52736K, 40% used [0x0000000081c00000,0x00000000830d9908,0x0000000084f80000)
 Metaspace       used 34819K, capacity 35294K, committed 35416K, reserved 1079296K
  class space    used 4675K, capacity 4800K, committed 4864K, reserved 1048576K
Event: 10.281 GC heap after
Heap after GC invocations=12 (full 2):
 PSYoungGen      total 358400K, used 0K [0x00000000d5f00000, 0x00000000ed300000, 0x0000000100000000)
  eden space 342528K, 0% used [0x00000000d5f00000,0x00000000d5f00000,0x00000000ead80000)
  from space 15872K, 0% used [0x00000000ebe00000,0x00000000ebe00000,0x00000000ecd80000)
  to   space 16896K, 0% used [0x00000000ead80000,0x00000000ead80000,0x00000000ebe00000)
 ParOldGen       total 92672K, used 26826K [0x0000000081c00000, 0x0000000087680000, 0x00000000d5f00000)
  object space 92672K, 28% used [0x0000000081c00000,0x0000000083632af0,0x0000000087680000)
 Metaspace       used 34819K, capacity 35294K, committed 35416K, reserved 1079296K
  class space    used 4675K, capacity 4800K, committed 4864K, reserved 1048576K
}
Event: 12.819 GC heap before
{Heap before GC invocations=13 (full 2):
 PSYoungGen      total 358400K, used 342528K [0x00000000d5f00000, 0x00000000ed300000, 0x0000000100000000)
  eden space 342528K, 100% used [0x00000000d5f00000,0x00000000ead80000,0x00000000ead80000)
  from space 15872K, 0% used [0x00000000ebe00000,0x00000000ebe00000,0x00000000ecd80000)
  to   space 16896K, 0% used [0x00000000ead80000,0x00000000ead80000,0x00000000ebe00000)
 ParOldGen       total 92672K, used 26826K [0x0000000081c00000, 0x0000000087680000, 0x00000000d5f00000)
  object space 92672K, 28% used [0x0000000081c00000,0x0000000083632af0,0x0000000087680000)
 Metaspace       used 39957K, capacity 40610K, committed 40960K, reserved 1085440K
  class space    used 5380K, capacity 5525K, committed 5632K, reserved 1048576K
Event: 12.840 GC heap after
Heap after GC invocations=13 (full 2):
 PSYoungGen      total 359424K, used 14669K [0x00000000d5f00000, 0x00000000f3a80000, 0x0000000100000000)
  eden space 342528K, 0% used [0x00000000d5f00000,0x00000000d5f00000,0x00000000ead80000)
  from space 16896K, 86% used [0x00000000ead80000,0x00000000ebbd3590,0x00000000ebe00000)
  to   space 17920K, 0% used [0x00000000f2900000,0x00000000f2900000,0x00000000f3a80000)
 ParOldGen       total 92672K, used 26834K [0x0000000081c00000, 0x0000000087680000, 0x00000000d5f00000)
  object space 92672K, 28% used [0x0000000081c00000,0x0000000083634af0,0x0000000087680000)
 Metaspace       used 39957K, capacity 40610K, committed 40960K, reserved 1085440K
  class space    used 5380K, capacity 5525K, committed 5632K, reserved 1048576K
}

Deoptimization events (0 events):
No events

Classes redefined (0 events):
No events

Internal exceptions (10 events):
Event: 14.576 Thread 0x000000001d7fd000 Exception <a 'java/lang/ClassNotFoundException': java/lang/ObjectCustomizer> (0x00000000dd63fb88) thrown at [C:\re\workspace\8-2-build-windows-amd64-cygwin\jdk8u231\13620\hotspot\src\share\vm\classfile\systemDictionary.cpp, line 210]
Event: 14.577 Thread 0x000000001d7fd000 Exception <a 'java/lang/ClassNotFoundException': org/springframework/web/servlet/view/DefaultRequestToViewNameTranslatorCustomizer> (0x00000000dd670128) thrown at [C:\re\workspace\8-2-build-windows-amd64-cygwin\jdk8u231\13620\hotspot\src\share\vm\classfil
Event: 14.579 Thread 0x000000001d7fd000 Exception <a 'java/lang/ClassNotFoundException': org/springframework/web/servlet/RequestToViewNameTranslatorCustomizer> (0x00000000dd6aa0e0) thrown at [C:\re\workspace\8-2-build-windows-amd64-cygwin\jdk8u231\13620\hotspot\src\share\vm\classfile\systemDict
Event: 14.582 Thread 0x000000001d7fd000 Exception <a 'java/lang/ClassNotFoundException': java/lang/ObjectCustomizer> (0x00000000dd6eb290) thrown at [C:\re\workspace\8-2-build-windows-amd64-cygwin\jdk8u231\13620\hotspot\src\share\vm\classfile\systemDictionary.cpp, line 210]
Event: 14.584 Thread 0x000000001d7fd000 Exception <a 'java/lang/ClassNotFoundException': org/springframework/web/servlet/support/AbstractFlashMapManagerCustomizer> (0x00000000dd718508) thrown at [C:\re\workspace\8-2-build-windows-amd64-cygwin\jdk8u231\13620\hotspot\src\share\vm\classfile\system
Event: 14.586 Thread 0x000000001d7fd000 Exception <a 'java/lang/ClassNotFoundException': org/springframework/web/servlet/support/SessionFlashMapManagerCustomizer> (0x00000000dd7495c0) thrown at [C:\re\workspace\8-2-build-windows-amd64-cygwin\jdk8u231\13620\hotspot\src\share\vm\classfile\systemD
Event: 14.589 Thread 0x000000001d7fd000 Exception <a 'java/lang/ClassNotFoundException': org/springframework/web/servlet/FlashMapManagerCustomizer> (0x00000000dd76f4f0) thrown at [C:\re\workspace\8-2-build-windows-amd64-cygwin\jdk8u231\13620\hotspot\src\share\vm\classfile\systemDictionary.cpp, 
Event: 14.639 Thread 0x000000001d7fa000 Exception <a 'java/lang/ArrayIndexOutOfBoundsException'> (0x00000000ddc97100) thrown at [C:\re\workspace\8-2-build-windows-amd64-cygwin\jdk8u231\13620\hotspot\src\share\vm\runtime\sharedRuntime.cpp, line 605]
Event: 14.657 Thread 0x000000001d7fb000 Exception <a 'java/lang/ArrayIndexOutOfBoundsException'> (0x00000000dde3b8b8) thrown at [C:\re\workspace\8-2-build-windows-amd64-cygwin\jdk8u231\13620\hotspot\src\share\vm\runtime\sharedRuntime.cpp, line 605]
Event: 14.690 Thread 0x000000001d7fb000 Exception <a 'java/lang/ArrayIndexOutOfBoundsException'> (0x00000000de3c7048) thrown at [C:\re\workspace\8-2-build-windows-amd64-cygwin\jdk8u231\13620\hotspot\src\share\vm\runtime\sharedRuntime.cpp, line 605]

Events (10 events):
Event: 15.206 Executing VM operation: RevokeBias done
Event: 15.206 Executing VM operation: RevokeBias
Event: 15.206 Executing VM operation: RevokeBias done
Event: 15.206 Executing VM operation: RevokeBias
Event: 15.206 Executing VM operation: RevokeBias done
Event: 15.206 Executing VM operation: RevokeBias
Event: 15.206 Executing VM operation: RevokeBias done
Event: 15.206 Executing VM operation: RevokeBias
Event: 15.206 Executing VM operation: RevokeBias done
Event: 15.206 Executing VM operation: RevokeBias


Dynamic libraries:
0x00007ff791260000 - 0x00007ff791297000 	G:\jdk1.8\bin\java.exe
0x00007ffc2caf0000 - 0x00007ffc2ccd1000 	C:\WINDOWS\SYSTEM32\ntdll.dll
0x00007ffc2bab0000 - 0x00007ffc2bb61000 	C:\WINDOWS\System32\KERNEL32.DLL
0x00007ffc29be0000 - 0x00007ffc29e53000 	C:\WINDOWS\System32\KERNELBASE.dll
0x00007ffc2bc60000 - 0x00007ffc2bd01000 	C:\WINDOWS\System32\ADVAPI32.dll
0x00007ffc2a520000 - 0x00007ffc2a5be000 	C:\WINDOWS\System32\msvcrt.dll
0x00007ffc2a190000 - 0x00007ffc2a1eb000 	C:\WINDOWS\System32\sechost.dll
0x00007ffc29f60000 - 0x00007ffc2a084000 	C:\WINDOWS\System32\RPCRT4.dll
0x00007ffc2a310000 - 0x00007ffc2a4a1000 	C:\WINDOWS\System32\USER32.dll
0x00007ffc290e0000 - 0x00007ffc29100000 	C:\WINDOWS\System32\win32u.dll
0x00007ffc2c760000 - 0x00007ffc2c788000 	C:\WINDOWS\System32\GDI32.dll
0x00007ffc29a40000 - 0x00007ffc29bd1000 	C:\WINDOWS\System32\gdi32full.dll
0x00007ffc29ec0000 - 0x00007ffc29f5f000 	C:\WINDOWS\System32\msvcp_win.dll
0x00007ffc29100000 - 0x00007ffc291f8000 	C:\WINDOWS\System32\ucrtbase.dll
0x00007ffc1ccc0000 - 0x00007ffc1cf29000 	C:\WINDOWS\WinSxS\amd64_microsoft.windows.common-controls_6595b64144ccf1df_6.0.17134.1184_none_d403e8b37c8ca406\COMCTL32.dll
0x00007ffc2c790000 - 0x00007ffc2cab1000 	C:\WINDOWS\System32\combase.dll
0x00007ffc29200000 - 0x00007ffc29279000 	C:\WINDOWS\System32\bcryptPrimitives.dll
0x00007ffc2a160000 - 0x00007ffc2a18d000 	C:\WINDOWS\System32\IMM32.DLL
0x0000000063bf0000 - 0x0000000063cc2000 	G:\jdk1.8\jre\bin\msvcr100.dll
0x0000000062df0000 - 0x0000000063696000 	G:\jdk1.8\jre\bin\server\jvm.dll
0x00007ffc2a300000 - 0x00007ffc2a308000 	C:\WINDOWS\System32\PSAPI.DLL
0x00007ffc16580000 - 0x00007ffc16589000 	C:\WINDOWS\SYSTEM32\WSOCK32.dll
0x00007ffc2bb70000 - 0x00007ffc2bbdc000 	C:\WINDOWS\System32\WS2_32.dll
0x00007ffc26c30000 - 0x00007ffc26c53000 	C:\WINDOWS\SYSTEM32\WINMM.dll
0x00007ffc24b50000 - 0x00007ffc24b5a000 	C:\WINDOWS\SYSTEM32\VERSION.dll
0x00007ffc26c00000 - 0x00007ffc26c2a000 	C:\WINDOWS\SYSTEM32\WINMMBASE.dll
0x00007ffc28ea0000 - 0x00007ffc28ee9000 	C:\WINDOWS\System32\cfgmgr32.dll
0x00007ffc25610000 - 0x00007ffc2561f000 	G:\jdk1.8\jre\bin\verify.dll
0x00007ffc1d7f0000 - 0x00007ffc1d819000 	G:\jdk1.8\jre\bin\java.dll
0x00007ffc1d0b0000 - 0x00007ffc1d0d3000 	G:\jdk1.8\jre\bin\instrument.dll
0x00007ffc236b0000 - 0x00007ffc236c6000 	G:\jdk1.8\jre\bin\zip.dll
0x00007ffc2a5c0000 - 0x00007ffc2ba05000 	C:\WINDOWS\System32\SHELL32.dll
0x00007ffc2a250000 - 0x00007ffc2a2f9000 	C:\WINDOWS\System32\shcore.dll
0x00007ffc29280000 - 0x00007ffc29990000 	C:\WINDOWS\System32\windows.storage.dll
0x00007ffc2a4b0000 - 0x00007ffc2a501000 	C:\WINDOWS\System32\shlwapi.dll
0x00007ffc28df0000 - 0x00007ffc28e01000 	C:\WINDOWS\System32\kernel.appcore.dll
0x00007ffc28e30000 - 0x00007ffc28e4f000 	C:\WINDOWS\System32\profapi.dll
0x00007ffc28e50000 - 0x00007ffc28e9c000 	C:\WINDOWS\System32\powrprof.dll
0x00007ffc28de0000 - 0x00007ffc28dea000 	C:\WINDOWS\System32\FLTLIB.DLL
0x00007ffc1d0f0000 - 0x00007ffc1d10a000 	G:\idea\IntelliJ IDEA 2019.2\bin\breakgen64.dll
0x00007ffc207c0000 - 0x00007ffc207da000 	G:\jdk1.8\jre\bin\net.dll
0x00007ffc28600000 - 0x00007ffc28666000 	C:\WINDOWS\system32\mswsock.dll
0x00007ffc1a580000 - 0x00007ffc1a68d000 	C:\WINDOWS\SysWOW64\ierd_tgp_lsp64.dll
0x00007ffc2c160000 - 0x00007ffc2c2b1000 	C:\WINDOWS\System32\ole32.dll
0x00007ffc28390000 - 0x00007ffc2844e000 	C:\WINDOWS\SYSTEM32\DNSAPI.dll
0x00007ffc2a510000 - 0x00007ffc2a518000 	C:\WINDOWS\System32\NSI.dll
0x00007ffc28350000 - 0x00007ffc28388000 	C:\WINDOWS\SYSTEM32\IPHLPAPI.DLL
0x0000000063a40000 - 0x0000000063a66000 	C:\Program Files\Bonjour\mdnsNSP.dll
0x00007ffc1bd20000 - 0x00007ffc1bd2a000 	C:\Windows\System32\rasadhlp.dll
0x00007ffc1c430000 - 0x00007ffc1c4a2000 	C:\WINDOWS\System32\fwpuclnt.dll
0x00007ffc288e0000 - 0x00007ffc28905000 	C:\WINDOWS\SYSTEM32\bcrypt.dll
0x00007ffc23710000 - 0x00007ffc2371d000 	G:\jdk1.8\jre\bin\management.dll
0x00007ffc1d7d0000 - 0x00007ffc1d7e2000 	G:\jdk1.8\jre\bin\nio.dll
0x00007ffc287c0000 - 0x00007ffc287d7000 	C:\WINDOWS\SYSTEM32\CRYPTSP.dll
0x00007ffc281b0000 - 0x00007ffc281e3000 	C:\WINDOWS\system32\rsaenh.dll
0x00007ffc28d10000 - 0x00007ffc28d38000 	C:\WINDOWS\SYSTEM32\USERENV.dll
0x00007ffc287b0000 - 0x00007ffc287bb000 	C:\WINDOWS\SYSTEM32\CRYPTBASE.dll
0x00007ffc24bc0000 - 0x00007ffc24bd6000 	C:\WINDOWS\SYSTEM32\dhcpcsvc6.DLL
0x00007ffc21490000 - 0x00007ffc214aa000 	C:\WINDOWS\SYSTEM32\dhcpcsvc.DLL
0x00007ffc12600000 - 0x00007ffc12616000 	C:\WINDOWS\system32\napinsp.dll
0x00007ffc125e0000 - 0x00007ffc125fa000 	C:\WINDOWS\system32\pnrpnsp.dll
0x00007ffc254d0000 - 0x00007ffc254e9000 	C:\WINDOWS\system32\NLAapi.dll
0x00007ffc144c0000 - 0x00007ffc144ce000 	C:\WINDOWS\System32\winrnr.dll

VM Arguments:
jvm_args: -XX:TieredStopAtLevel=1 -Xverify:none -Dspring.output.ansi.enabled=always -Dcom.sun.management.jmxremote -Dspring.jmx.enabled=true -Dspring.liveBeansView.mbeanDomain -Dspring.application.admin.enabled=true -javaagent:G:\idea\IntelliJ IDEA 2019.2\lib\idea_rt.jar=47385:G:\idea\IntelliJ IDEA 2019.2\bin -Dfile.encoding=UTF-8 
java_command: com.scau.zifeng.EurekaServer7001_App
java_class_path (initial): G:\jdk1.8\jre\lib\charsets.jar;G:\jdk1.8\jre\lib\deploy.jar;G:\jdk1.8\jre\lib\ext\access-bridge-64.jar;G:\jdk1.8\jre\lib\ext\cldrdata.jar;G:\jdk1.8\jre\lib\ext\dnsns.jar;G:\jdk1.8\jre\lib\ext\jaccess.jar;G:\jdk1.8\jre\lib\ext\jfxrt.jar;G:\jdk1.8\jre\lib\ext\localedata.jar;G:\jdk1.8\jre\lib\ext\nashorn.jar;G:\jdk1.8\jre\lib\ext\sunec.jar;G:\jdk1.8\jre\lib\ext\sunjce_provider.jar;G:\jdk1.8\jre\lib\ext\sunmscapi.jar;G:\jdk1.8\jre\lib\ext\sunpkcs11.jar;G:\jdk1.8\jre\lib\ext\zipfs.jar;G:\jdk1.8\jre\lib\javaws.jar;G:\jdk1.8\jre\lib\jce.jar;G:\jdk1.8\jre\lib\jfr.jar;G:\jdk1.8\jre\lib\jfxswt.jar;G:\jdk1.8\jre\lib\jsse.jar;G:\jdk1.8\jre\lib\management-agent.jar;G:\jdk1.8\jre\lib\plugin.jar;G:\jdk1.8\jre\lib\resources.jar;G:\jdk1.8\jre\lib\rt.jar;G:\idea\propertymanagement\propertymanagement-eureka-7001\target\classes;G:\apache-maven-3.6.1\my_maven_local_repository\org\springframework\cloud\spring-cloud-starter-eureka-server\1.3.1.RELEASE\spring-cloud-starter-eureka-server-1.3.1.RELEASE.jar;G:\apache-maven-3.6.1\my_maven_local_repository\org\springframework\cloud\spring-cloud-starter\1.2.2.RELEASE\spring-cloud-starter-1.2.2.RELEASE.jar;G:\apache-maven-3.6.1\my_maven_local_repository\org\springframework\boot\spring-boot-starter\1.5.9.RELEASE\spring-boot-starter-1.5.9.RELEASE.jar;G:\apache-maven-3.6.1\my_maven_local_repository\org\springframework\boot\spring-boot-starter-logging\1.5.9.RELEASE\spring-boot-starter-logging-1.5.9.RELEASE.jar;G:\apache-maven-3.6.1\my_maven_local_repository\ch\qos\logback\logback-classic\1.1.11\logback-classic-1.1.11.jar;G:\apache-maven-3.6.1\my_maven_local_repository\ch\qos\logback\logback-core\1.2.3\logback-core-1.2.3.jar;G:\apache-maven-3.6.1\my_maven_local_repository\org\slf4j\jcl-over-slf4j\1.7.25\jcl-over-slf4j-1.7.25.jar;G:\apache-maven-3.6.1\my_maven_local_repository\org\slf4j\jul-to-slf4j\1.7.25\jul-to-slf4j-1.7.25.jar;G:\apache-maven-3.6.1\my_maven_local_repository\org\slf4j\log4j-over-slf4j\1.7.25\log4j-over-sl
Launcher Type: SUN_STANDARD

Environment Variables:
JAVA_HOME=G:\jdk\java
CLASSPATH=.;G:\jdk\java\lib\dt.jar;G:\jdk\java\lib\tools.jar
PATH=G:\idea\IntelliJ IDEA 2019.2\jbr\\bin;G:\idea\IntelliJ IDEA 2019.2\jbr\\bin\server;C:\ProgramData\Oracle\Java\javapath;G:\JAVA\bin;C:\Windows\system32;C:\Windows;C:\Windows\System32\Wbem;C:\Windows\System32\WindowsPowerShell\v1.0\;C:\Program Files (x86)\NVIDIA Corporation\PhysX\Common;G:\VC++\bin\win32;C:\Program Files (x86)\Microsoft SQL Server\90\Tools\binn\;C:\WINDOWS\system32;C:\WINDOWS;C:\WINDOWS\System32\Wbem;C:\WINDOWS\System32\WindowsPowerShell\v1.0\;g:\quartus\quartus\bin;C:\WINDOWS\System32\OpenSSH\;C:\Program Files\Microsoft SQL Server\120\Tools\Binn\;C:\WINDOWS\system32\config\systemprofile\.dnx\bin;C:\Program Files\Microsoft DNX\Dnvm\;C:\Program Files (x86)\Windows Kits\8.1\Windows Performance Toolkit\;C:\Program Files\Microsoft SQL Server\130\Tools\Binn\;F:\QT\5.11.2\msvc2015_64\bin;F:\opencv\opencv\build\bin;G:\Maven\apache-maven-3.6.2\bin;C:\Program Files\MySQL\MySQL Server 8.0\bin;"G:\jdk\java\bin;G:\jdk\java\jre\bin";G:\打包文件\;C:\Users\zfeng\AppData\Local\Microsoft\WindowsApps;
USERNAME=zfeng
OS=Windows_NT
PROCESSOR_IDENTIFIER=Intel64 Family 6 Model 60 Stepping 3, GenuineIntel



---------------  S Y S T E M  ---------------

OS: Windows 10.0 , 64 bit Build 17134 (10.0.17134.753)

CPU:total 4 (initial active 4) (2 cores per cpu, 2 threads per core) family 6 model 60 stepping 3, cmov, cx8, fxsr, mmx, sse, sse2, sse3, ssse3, sse4.1, sse4.2, popcnt, avx, avx2, aes, clmul, erms, lzcnt, ht, tsc, tscinvbit, bmi1, bmi2

Memory: 4k page, physical 8272996k(1271832k free), swap 12811328k(312k free)

vm_info: Java HotSpot(TM) 64-Bit Server VM (25.231-b11) for windows-amd64 JRE (1.8.0_231-b11), built on Oct  5 2019 03:11:30 by "java_re" with MS VC++ 10.0 (VS2010)

time: Mon Jan 13 22:44:09 2020
timezone: 中国标准时间
elapsed time: 15 seconds (0d 0h 0m 15s)

