#
# There is insufficient memory for the Java Runtime Environment to continue.
# Native memory allocation (malloc) failed to allocate 32744 bytes for ChunkPool::allocate
# Possible reasons:
#   The system is out of physical RAM or swap space
#   The process is running with CompressedOops enabled, and the Java Heap may be blocking the growth of the native heap
# Possible solutions:
#   Reduce memory load on the system
#   Increase physical memory or swap space
#   Check if swap backing store is full
#   Decrease Java heap size (-Xmx/-Xms)
#   Decrease number of Java threads
#   Decrease Java thread stack sizes (-Xss)
#   Set larger code cache with -XX:ReservedCodeCacheSize=
#   JVM is running with Zero Based Compressed Oops mode in which the Java heap is
#     placed in the first 32GB address space. The Java Heap base address is the
#     maximum limit for the native heap growth. Please use -XX:HeapBaseMinAddress
#     to set the Java Heap base and to place the Java Heap above 32GB virtual address.
# This output file may be truncated or incomplete.
#
#  Out of Memory Error (allocation.cpp:272), pid=22428, tid=0x0000000000003058
#
# JRE version: Java(TM) SE Runtime Environment (8.0_231-b11) (build 1.8.0_231-b11)
# Java VM: Java HotSpot(TM) 64-Bit Server VM (25.231-b11 mixed mode windows-amd64 compressed oops)
# Failed to write core dump. Minidumps are not enabled by default on client versions of Windows
#

---------------  T H R E A D  ---------------

Current thread (0x000000001d8da800):  JavaThread "C2 CompilerThread1" daemon [_thread_in_native, id=12376, stack(0x000000001dfd0000,0x000000001e0d0000)]

Stack: [0x000000001dfd0000,0x000000001e0d0000]
[error occurred during error reporting (printing stack bounds), id 0xc0000005]

Native frames: (J=compiled Java code, j=interpreted, Vv=VM code, C=native code)


Current CompileTask:
C2:   2787 1877       4       java.net.URLClassLoader$1::run (5 bytes)


---------------  P R O C E S S  ---------------

Java Threads: ( => current thread )
  0x000000001d964800 JavaThread "Service Thread" daemon [_thread_blocked, id=20352, stack(0x000000001e1d0000,0x000000001e2d0000)]
  0x000000001d8e6000 JavaThread "C1 CompilerThread2" daemon [_thread_blocked, id=1888, stack(0x000000001e0d0000,0x000000001e1d0000)]
=>0x000000001d8da800 JavaThread "C2 CompilerThread1" daemon [_thread_in_native, id=12376, stack(0x000000001dfd0000,0x000000001e0d0000)]
  0x000000001c56c800 JavaThread "C2 CompilerThread0" daemon [_thread_in_native, id=21712, stack(0x000000001ded0000,0x000000001dfd0000)]
  0x000000001c521000 JavaThread "Attach Listener" daemon [_thread_blocked, id=19416, stack(0x000000001ddd0000,0x000000001ded0000)]
  0x000000001c520800 JavaThread "Signal Dispatcher" daemon [_thread_blocked, id=17024, stack(0x000000001dcd0000,0x000000001ddd0000)]
  0x000000001c4fa000 JavaThread "Finalizer" daemon [_thread_blocked, id=18016, stack(0x000000001d770000,0x000000001d870000)]
  0x0000000002ef2000 JavaThread "Reference Handler" daemon [_thread_blocked, id=13824, stack(0x000000001d670000,0x000000001d770000)]
  0x0000000002f3e800 JavaThread "main" [_thread_in_Java, id=14456, stack(0x0000000002980000,0x0000000002a80000)]

Other Threads:
  0x000000001c4d7800 VMThread [stack: 0x000000001d570000,0x000000001d670000] [id=3336]
  0x000000001d98b000 WatcherThread [stack: 0x000000001e2d0000,0x000000001e3d0000] [id=11964]

VM state:not at safepoint (normal execution)

VM Mutex/Monitor currently owned by a thread: None

heap address: 0x00000006c1c00000, size: 4068 MB, Compressed Oops mode: Zero based, Oop shift amount: 3
Narrow klass base: 0x0000000000000000, Narrow klass shift: 3
Compressed class space size: 1073741824 Address: 0x00000007c0000000

Heap:
 PSYoungGen      total 76288K, used 12031K [0x000000076b400000, 0x0000000770900000, 0x00000007c0000000)
  eden space 65536K, 1% used [0x000000076b400000,0x000000076b543f98,0x000000076f400000)
  from space 10752K, 99% used [0x000000076fe80000,0x00000007708fc060,0x0000000770900000)
  to   space 10752K, 0% used [0x000000076f400000,0x000000076f400000,0x000000076fe80000)
 ParOldGen       total 175104K, used 1673K [0x00000006c1c00000, 0x00000006cc700000, 0x000000076b400000)
  object space 175104K, 0% used [0x00000006c1c00000,0x00000006c1da27f0,0x00000006cc700000)
 Metaspace       used 14857K, capacity 15124K, committed 15232K, reserved 1062912K
  class space    used 1815K, capacity 1912K, committed 1920K, reserved 1048576K

Card table byte_map: [0x0000000012300000,0x0000000012b00000] byte_map_base: 0x000000000ecf2000

Marking Bits: (ParMarkBitMap*) 0x000000005deb6d90
 Begin Bits: [0x0000000013450000, 0x00000000173e0000)
 End Bits:   [0x00000000173e0000, 0x000000001b370000)

Polling page: 0x0000000000b70000

CodeCache: size=245760Kb used=6963Kb max_used=6963Kb free=238796Kb
 bounds [0x0000000002f40000, 0x0000000003620000, 0x0000000011f40000]
 total_blobs=2440 nmethods=2086 adapters=266
 compilation: enabled

Compilation events (10 events):
Event: 2.687 Thread 0x000000001d8e6000 2108       2       java.util.StringTokenizer::<init> (8 bytes)
Event: 2.688 Thread 0x000000001d8e6000 nmethod 2108 0x0000000003611310 code [0x0000000003611480, 0x00000000036115e8]
Event: 2.720 Thread 0x000000001d8e6000 2110       1       org.apache.maven.artifact.repository.MavenArtifactRepository::getLayout (5 bytes)
Event: 2.721 Thread 0x000000001d8e6000 nmethod 2110 0x0000000003611690 code [0x00000000036117e0, 0x00000000036118f0]
Event: 2.721 Thread 0x000000001d8e6000 2111       1       org.apache.maven.artifact.repository.MavenArtifactRepository::getUrl (5 bytes)
Event: 2.721 Thread 0x000000001d8e6000 nmethod 2111 0x0000000003611950 code [0x0000000003611aa0, 0x0000000003611bb0]
Event: 2.721 Thread 0x000000001d8e6000 2112       1       org.apache.maven.artifact.repository.MavenArtifactRepository::getSnapshots (5 bytes)
Event: 2.721 Thread 0x000000001d8e6000 nmethod 2112 0x0000000003611c10 code [0x0000000003611d60, 0x0000000003611e70]
Event: 2.721 Thread 0x000000001d8e6000 2113       1       org.apache.maven.artifact.repository.MavenArtifactRepository::getReleases (5 bytes)
Event: 2.721 Thread 0x000000001d8e6000 nmethod 2113 0x0000000003611ed0 code [0x0000000003612020, 0x0000000003612130]

GC Heap History (3 events):
Event: 1.348 GC heap before
{Heap before GC invocations=1 (full 0):
 PSYoungGen      total 76288K, used 65536K [0x000000076b400000, 0x0000000770900000, 0x00000007c0000000)
  eden space 65536K, 100% used [0x000000076b400000,0x000000076f400000,0x000000076f400000)
  from space 10752K, 0% used [0x000000076fe80000,0x000000076fe80000,0x0000000770900000)
  to   space 10752K, 0% used [0x000000076f400000,0x000000076f400000,0x000000076fe80000)
 ParOldGen       total 175104K, used 0K [0x00000006c1c00000, 0x00000006cc700000, 0x000000076b400000)
  object space 175104K, 0% used [0x00000006c1c00000,0x00000006c1c00000,0x00000006cc700000)
 Metaspace       used 11453K, capacity 11636K, committed 11776K, reserved 1058816K
  class space    used 1417K, capacity 1512K, committed 1536K, reserved 1048576K
Event: 1.360 GC heap after
Heap after GC invocations=1 (full 0):
 PSYoungGen      total 76288K, used 10116K [0x000000076b400000, 0x0000000770900000, 0x00000007c0000000)
  eden space 65536K, 0% used [0x000000076b400000,0x000000076b400000,0x000000076f400000)
  from space 10752K, 94% used [0x000000076f400000,0x000000076fde1300,0x000000076fe80000)
  to   space 10752K, 0% used [0x000000076fe80000,0x000000076fe80000,0x0000000770900000)
 ParOldGen       total 175104K, used 16K [0x00000006c1c00000, 0x00000006cc700000, 0x000000076b400000)
  object space 175104K, 0% used [0x00000006c1c00000,0x00000006c1c04000,0x00000006cc700000)
 Metaspace       used 11453K, capacity 11636K, committed 11776K, reserved 1058816K
  class space    used 1417K, capacity 1512K, committed 1536K, reserved 1048576K
}
Event: 2.732 GC heap before
{Heap before GC invocations=2 (full 0):
 PSYoungGen      total 76288K, used 75652K [0x000000076b400000, 0x0000000770900000, 0x00000007c0000000)
  eden space 65536K, 100% used [0x000000076b400000,0x000000076f400000,0x000000076f400000)
  from space 10752K, 94% used [0x000000076f400000,0x000000076fde1300,0x000000076fe80000)
  to   space 10752K, 0% used [0x000000076fe80000,0x000000076fe80000,0x0000000770900000)
 ParOldGen       total 175104K, used 16K [0x00000006c1c00000, 0x00000006cc700000, 0x000000076b400000)
  object space 175104K, 0% used [0x00000006c1c00000,0x00000006c1c04000,0x00000006cc700000)
 Metaspace       used 14857K, capacity 15124K, committed 15232K, reserved 1062912K
  class space    used 1815K, capacity 1912K, committed 1920K, reserved 1048576K

Deoptimization events (10 events):
Event: 2.356 Thread 0x0000000002f3e800 Uncommon trap: reason=predicate action=maybe_recompile pc=0x0000000003267588 method=java.lang.String.regionMatches(ZILjava/lang/String;II)Z @ 63
Event: 2.362 Thread 0x0000000002f3e800 Uncommon trap: reason=bimorphic action=maybe_recompile pc=0x00000000034e3680 method=java.util.regex.Pattern$CharProperty.match(Ljava/util/regex/Matcher;ILjava/lang/CharSequence;)Z @ 37
Event: 2.364 Thread 0x0000000002f3e800 Uncommon trap: reason=bimorphic action=maybe_recompile pc=0x00000000034e3680 method=java.util.regex.Pattern$CharProperty.match(Ljava/util/regex/Matcher;ILjava/lang/CharSequence;)Z @ 37
Event: 2.410 Thread 0x0000000002f3e800 Uncommon trap: reason=bimorphic action=maybe_recompile pc=0x00000000034e3680 method=java.util.regex.Pattern$CharProperty.match(Ljava/util/regex/Matcher;ILjava/lang/CharSequence;)Z @ 37
Event: 2.410 Thread 0x0000000002f3e800 Uncommon trap: reason=bimorphic action=maybe_recompile pc=0x00000000034e3680 method=java.util.regex.Pattern$CharProperty.match(Ljava/util/regex/Matcher;ILjava/lang/CharSequence;)Z @ 37
Event: 2.479 Thread 0x0000000002f3e800 Uncommon trap: reason=class_check action=maybe_recompile pc=0x000000000355d638 method=java.util.regex.Pattern$CharProperty$1.isSatisfiedBy(I)Z @ 5
Event: 2.479 Thread 0x0000000002f3e800 Uncommon trap: reason=class_check action=maybe_recompile pc=0x000000000355d638 method=java.util.regex.Pattern$CharProperty$1.isSatisfiedBy(I)Z @ 5
Event: 2.479 Thread 0x0000000002f3e800 Uncommon trap: reason=class_check action=maybe_recompile pc=0x000000000355d638 method=java.util.regex.Pattern$CharProperty$1.isSatisfiedBy(I)Z @ 5
Event: 2.479 Thread 0x0000000002f3e800 Uncommon trap: reason=class_check action=maybe_recompile pc=0x000000000355d638 method=java.util.regex.Pattern$CharProperty$1.isSatisfiedBy(I)Z @ 5
Event: 2.504 Thread 0x0000000002f3e800 Uncommon trap: reason=unstable_if action=reinterpret pc=0x00000000034c1044 method=org.codehaus.plexus.util.xml.pull.MXParser.nextImpl()I @ 879

Classes redefined (0 events):
No events

Internal exceptions (10 events):
Event: 1.582 Thread 0x0000000002f3e800 Exception <a 'java/lang/NoClassDefFoundError'> (0x000000076be46f68) thrown at [C:\re\workspace\8-2-build-windows-amd64-cygwin\jdk8u231\13620\hotspot\src\share\vm\prims\jvm.cpp, line 1506]
Event: 1.583 Thread 0x0000000002f3e800 Exception <a 'java/lang/NoClassDefFoundError': javax/annotation/Priority> (0x000000076be4c000) thrown at [C:\re\workspace\8-2-build-windows-amd64-cygwin\jdk8u231\13620\hotspot\src\share\vm\classfile\systemDictionary.cpp, line 199]
Event: 1.811 Thread 0x0000000002f3e800 Exception <a 'java/lang/NullPointerException'> (0x000000076c495e80) thrown at [C:\re\workspace\8-2-build-windows-amd64-cygwin\jdk8u231\13620\hotspot\src\share\vm\interpreter\linkResolver.cpp, line 1185]
Event: 1.811 Thread 0x0000000002f3e800 Exception <a 'java/lang/NullPointerException'> (0x000000076c496098) thrown at [C:\re\workspace\8-2-build-windows-amd64-cygwin\jdk8u231\13620\hotspot\src\share\vm\interpreter\linkResolver.cpp, line 1185]
Event: 1.811 Thread 0x0000000002f3e800 Exception <a 'java/lang/NullPointerException'> (0x000000076c4962b0) thrown at [C:\re\workspace\8-2-build-windows-amd64-cygwin\jdk8u231\13620\hotspot\src\share\vm\interpreter\linkResolver.cpp, line 1185]
Event: 1.811 Thread 0x0000000002f3e800 Exception <a 'java/lang/NullPointerException'> (0x000000076c49e948) thrown at [C:\re\workspace\8-2-build-windows-amd64-cygwin\jdk8u231\13620\hotspot\src\share\vm\interpreter\linkResolver.cpp, line 1185]
Event: 1.811 Thread 0x0000000002f3e800 Exception <a 'java/lang/NullPointerException'> (0x000000076c49eb60) thrown at [C:\re\workspace\8-2-build-windows-amd64-cygwin\jdk8u231\13620\hotspot\src\share\vm\interpreter\linkResolver.cpp, line 1185]
Event: 1.811 Thread 0x0000000002f3e800 Exception <a 'java/lang/NullPointerException'> (0x000000076c49ed78) thrown at [C:\re\workspace\8-2-build-windows-amd64-cygwin\jdk8u231\13620\hotspot\src\share\vm\interpreter\linkResolver.cpp, line 1185]
Event: 1.975 Thread 0x0000000002f3e800 Implicit null exception at 0x0000000003201ed6 to 0x0000000003202281
Event: 1.975 Thread 0x0000000002f3e800 Implicit null exception at 0x0000000003139f96 to 0x000000000313a339

Events (10 events):
Event: 2.585 loading class org/apache/maven/artifact/resolver/filter/ExcludesArtifactFilter done
Event: 2.585 loading class org/apache/maven/artifact/resolver/filter/IncludesArtifactFilter
Event: 2.585 loading class org/apache/maven/artifact/resolver/filter/IncludesArtifactFilter done
Event: 2.588 loading class org/apache/maven/artifact/versioning/ComparableVersion$LongItem
Event: 2.588 loading class org/apache/maven/artifact/versioning/ComparableVersion$LongItem done
Event: 2.596 Executing VM operation: ForceSafepoint
Event: 2.596 Executing VM operation: ForceSafepoint done
Event: 2.630 loading class org/apache/maven/project/DefaultProjectBuildingResult
Event: 2.630 loading class org/apache/maven/project/DefaultProjectBuildingResult done
Event: 2.732 Executing VM operation: ParallelGCFailedAllocation


Dynamic libraries:
0x00007ff65b130000 - 0x00007ff65b167000 	G:\jdk1.8\bin\java.exe
0x00007ffd53d40000 - 0x00007ffd53f21000 	C:\WINDOWS\SYSTEM32\ntdll.dll
0x00007ffd51cd0000 - 0x00007ffd51d81000 	C:\WINDOWS\System32\KERNEL32.DLL
0x00007ffd50510000 - 0x00007ffd50783000 	C:\WINDOWS\System32\KERNELBASE.dll
0x00007ffd51c20000 - 0x00007ffd51cc1000 	C:\WINDOWS\System32\ADVAPI32.dll
0x00007ffd53940000 - 0x00007ffd539de000 	C:\WINDOWS\System32\msvcrt.dll
0x00007ffd51e30000 - 0x00007ffd51e8b000 	C:\WINDOWS\System32\sechost.dll
0x00007ffd517c0000 - 0x00007ffd518e4000 	C:\WINDOWS\System32\RPCRT4.dll
0x00007ffd52110000 - 0x00007ffd522a0000 	C:\WINDOWS\System32\USER32.dll
0x00007ffd50f50000 - 0x00007ffd50f70000 	C:\WINDOWS\System32\win32u.dll
0x00007ffd53910000 - 0x00007ffd53938000 	C:\WINDOWS\System32\GDI32.dll
0x00007ffd50370000 - 0x00007ffd50501000 	C:\WINDOWS\System32\gdi32full.dll
0x00007ffd50f70000 - 0x00007ffd5100f000 	C:\WINDOWS\System32\msvcp_win.dll
0x00007ffd51010000 - 0x00007ffd51108000 	C:\WINDOWS\System32\ucrtbase.dll
0x00007ffd44320000 - 0x00007ffd44589000 	C:\WINDOWS\WinSxS\amd64_microsoft.windows.common-controls_6595b64144ccf1df_6.0.17134.1304_none_d3fbe61b7c93d9f0\COMCTL32.dll
0x00007ffd518f0000 - 0x00007ffd51c11000 	C:\WINDOWS\System32\combase.dll
0x00007ffd50100000 - 0x00007ffd50179000 	C:\WINDOWS\System32\bcryptPrimitives.dll
0x00007ffd53ab0000 - 0x00007ffd53add000 	C:\WINDOWS\System32\IMM32.DLL
0x000000005df40000 - 0x000000005e012000 	G:\jdk1.8\jre\bin\msvcr100.dll
0x000000005d690000 - 0x000000005df36000 	G:\jdk1.8\jre\bin\server\jvm.dll
0x00007ffd53d00000 - 0x00007ffd53d08000 	C:\WINDOWS\System32\PSAPI.DLL
0x00007ffd488a0000 - 0x00007ffd488aa000 	C:\WINDOWS\SYSTEM32\VERSION.dll
0x00007ffd4dfc0000 - 0x00007ffd4dfe3000 	C:\WINDOWS\SYSTEM32\WINMM.dll
0x00007ffd3dfe0000 - 0x00007ffd3dfe9000 	C:\WINDOWS\SYSTEM32\WSOCK32.dll
0x00007ffd53a40000 - 0x00007ffd53aac000 	C:\WINDOWS\System32\WS2_32.dll
0x00007ffd4df90000 - 0x00007ffd4dfba000 	C:\WINDOWS\SYSTEM32\WINMMBASE.dll
0x00007ffd50f00000 - 0x00007ffd50f49000 	C:\WINDOWS\System32\cfgmgr32.dll
0x00007ffd4c8a0000 - 0x00007ffd4c8af000 	G:\jdk1.8\jre\bin\verify.dll
0x00007ffd41c90000 - 0x00007ffd41cb9000 	G:\jdk1.8\jre\bin\java.dll
0x00007ffd41d90000 - 0x00007ffd41da6000 	G:\jdk1.8\jre\bin\zip.dll
0x00007ffd522a0000 - 0x00007ffd536e5000 	C:\WINDOWS\System32\SHELL32.dll
0x00007ffd53c50000 - 0x00007ffd53cf9000 	C:\WINDOWS\System32\shcore.dll
0x00007ffd507f0000 - 0x00007ffd50f00000 	C:\WINDOWS\System32\windows.storage.dll
0x00007ffd539e0000 - 0x00007ffd53a31000 	C:\WINDOWS\System32\shlwapi.dll
0x00007ffd500c0000 - 0x00007ffd500d1000 	C:\WINDOWS\System32\kernel.appcore.dll
0x00007ffd500e0000 - 0x00007ffd500ff000 	C:\WINDOWS\System32\profapi.dll
0x00007ffd50060000 - 0x00007ffd500ac000 	C:\WINDOWS\System32\powrprof.dll
0x00007ffd500b0000 - 0x00007ffd500ba000 	C:\WINDOWS\System32\FLTLIB.DLL
0x00007ffd41de0000 - 0x00007ffd41dea000 	G:\apache-maven-3.6.1\lib\jansi-native\windows64\jansi.dll
0x00007ffd40880000 - 0x00007ffd4089a000 	G:\jdk1.8\jre\bin\net.dll
0x00007ffd4f860000 - 0x00007ffd4f8c6000 	C:\WINDOWS\system32\mswsock.dll
0x00007ffd24c40000 - 0x00007ffd24c52000 	G:\jdk1.8\jre\bin\nio.dll

VM Arguments:
jvm_args: -Dclassworlds.conf=G:\apache-maven-3.6.1\bin\..\bin\m2.conf -Dmaven.home=G:\apache-maven-3.6.1\bin\.. -Dlibrary.jansi.path=G:\apache-maven-3.6.1\bin\..\lib\jansi-native -Dmaven.multiModuleProjectDirectory=G:\idea\propertymanagement 
java_command: org.codehaus.plexus.classworlds.launcher.Launcher clean install
java_class_path (initial): G:\apache-maven-3.6.1\bin\..\boot\plexus-classworlds-2.6.0.jar
Launcher Type: SUN_STANDARD

Environment Variables:
JAVA_HOME=G:\jdk1.8
CLASSPATH=.;G:\jdk1.8\lib\dt.jar;G:\jdk1.8\lib\tools.jar;
PATH=G:\idea\IntelliJ IDEA 2019.2\jbr\\bin;G:\idea\IntelliJ IDEA 2019.2\jbr\\bin\server;G:\jdk1.8\bin;C:\Windows\system32;C:\Windows;C:\Windows\System32\Wbem;C:\Windows\System32\WindowsPowerShell\v1.0\;C:\Program Files (x86)\NVIDIA Corporation\PhysX\Common;G:\VC++\bin\win32;C:\Program Files (x86)\Microsoft SQL Server\90\Tools\binn\;C:\WINDOWS\system32;C:\WINDOWS;C:\WINDOWS\System32\Wbem;C:\WINDOWS\System32\WindowsPowerShell\v1.0\;g:\quartus\quartus\bin;C:\WINDOWS\System32\OpenSSH\;C:\Program Files\Microsoft SQL Server\120\Tools\Binn\;C:\WINDOWS\system32\config\systemprofile\.dnx\bin;C:\Program Files\Microsoft DNX\Dnvm\;C:\Program Files (x86)\Windows Kits\8.1\Windows Performance Toolkit\;C:\Program Files\Microsoft SQL Server\130\Tools\Binn\;F:\QT\5.11.2\msvc2015_64\bin;F:\opencv\opencv\build\bin;G:\apache-maven-3.6.1\bin;C:\Program Files\MySQL\MySQL Server 8.0\bin;G:\jdk1.8\jre\bin;F:\GitBash\Git\cmd
USERNAME=zfeng
OS=Windows_NT
PROCESSOR_IDENTIFIER=Intel64 Family 6 Model 60 Stepping 3, GenuineIntel



---------------  S Y S T E M  ---------------

OS: Windows 10.0 , 64 bit Build 17134 (10.0.17134.753)

CPU:total 4 (initial active 4) (2 cores per cpu, 2 threads per core) family 6 model 60 stepping 3, cmov, cx8, fxsr, mmx, sse, sse2, sse3, ssse3, sse4.1, sse4.2, popcnt, avx, avx2, aes, clmul, erms, lzcnt, ht, tsc, tscinvbit, bmi1, bmi2

Memory: 4k page, physical 16661604k(4634192k free), swap 25736472k(5128k free)

vm_info: Java HotSpot(TM) 64-Bit Server VM (25.231-b11) for windows-amd64 JRE (1.8.0_231-b11), built on Oct  5 2019 03:11:30 by "java_re" with MS VC++ 10.0 (VS2010)

time: Wed Mar 11 12:52:10 2020
timezone: 中国标准时间
elapsed time: 2 seconds (0d 0h 0m 2s)

