#
# A fatal error has been detected by the Java Runtime Environment:
#
#  EXCEPTION_ACCESS_VIOLATION (0xc0000005) at pc=0x0000000063005087, pid=1684, tid=0x0000000000002258
#
# JRE version: Java(TM) SE Runtime Environment (8.0_231-b11) (build 1.8.0_231-b11)
# Java VM: Java HotSpot(TM) 64-Bit Server VM (25.231-b11 mixed mode windows-amd64 compressed oops)
# Problematic frame:
# V  [jvm.dll+0x215087]
#
# Failed to write core dump. Minidumps are not enabled by default on client versions of Windows
#
# If you would like to submit a bug report, please visit:
#   http://bugreport.java.com/bugreport/crash.jsp
#

---------------  T H R E A D  ---------------

Current thread (0x00000000195d9000):  JavaThread "File Watcher" daemon [_thread_in_vm, id=8792, stack(0x000000001eed0000,0x000000001efd0000)]

siginfo: ExceptionCode=0xc0000005, writing address 0x000000001efc4d80

Registers:
RAX=0x000000001efc4d80, RBX=0x0000000000000007, RCX=0x0000000000006000, RDX=0x0000000000000018
RSP=0x000000001efcad80, RBP=0x0000000000000000, RSI=0x000000001efcad80, RDI=0x0000000000000007
R8 =0x0000000000000018, R9 =0x000000001cf39a30, R10=0x00000000174279e8, R11=0x000000001eeda1a8
R12=0x000000001cf39a30, R13=0x00000000195d9000, R14=0x000000001efcae48, R15=0x00000000174279e8
RIP=0x0000000063005087, EFLAGS=0x0000000000010202

Top of Stack: (sp=0x000000001efcad80)
0x000000001efcad80:   0000000017aa6200 00000000630087b5
0x000000001efcad90:   00000000195d9000 000000001cf39a30
0x000000001efcada0:   00000000ffffffff 0000000063005fb7
0x000000001efcadb0:   000000001efcaeb0 00000000174279e8
0x000000001efcadc0:   00000000195d9000 0000000000000010
0x000000001efcadd0:   0000000017aa6200 0000000000000000
0x000000001efcade0:   000000001b12d020 0000000062e8815c
0x000000001efcadf0:   00000000174279e8 00000000195d9000
0x000000001efcae00:   000000000310d6a0 0000000000000000
0x000000001efcae10:   000000001b12d020 000000001b12d020
0x000000001efcae20:   000000001b12d020 0000000062e81e42
0x000000001efcae30:   0000000000a6ecb0 00000000174279e8
0x000000001efcae40:   00000000195d9000 000000001cd09fd0
0x000000001efcae50:   00000000030e8160 0000000062e882a4
0x000000001efcae60:   000000001efcb190 00000000031b6a98
0x000000001efcae70:   0000000000000000 00000000031b6a98 

Instructions: (pc=0x0000000063005087)
0x0000000063005067:   48 89 6c 24 30 33 ed 66 90 e8 8b 5c 08 00 ff c3
0x0000000063005077:   48 63 c8 48 8b c6 48 0f af cf 48 ff c7 48 2b c1
0x0000000063005087:   89 28 48 63 c3 48 3b 05 15 b8 59 00 7e db 48 8b
0x0000000063005097:   6c 24 30 48 8b 5c 24 38 48 8b 74 24 40 48 83 c4 


Register to memory mapping:

RAX=0x000000001efc4d80 is pointing into the stack for thread: 0x00000000195d9000
RBX=0x0000000000000007 is an unknown value
RCX=0x0000000000006000 is an unknown value
RDX=0x0000000000000018 is an unknown value
RSP=0x000000001efcad80 is pointing into the stack for thread: 0x00000000195d9000
RBP=0x0000000000000000 is an unknown value
RSI=0x000000001efcad80 is pointing into the stack for thread: 0x00000000195d9000
RDI=0x0000000000000007 is an unknown value
R8 =0x0000000000000018 is an unknown value
R9 =0x000000001cf39a30 is an unknown value
R10={method} {0x00000000174279f0} 'transform' '(Ljava/lang/ClassLoader;Ljava/lang/String;Ljava/lang/Class;Ljava/security/ProtectionDomain;[BZ)[B' in 'sun/instrument/InstrumentationImpl'
R11=0x000000001eeda1a8 is pointing into the stack for thread: 0x00000000195d9000
R12=0x000000001cf39a30 is an unknown value
R13=0x00000000195d9000 is a thread
R14=0x000000001efcae48 is pointing into the stack for thread: 0x00000000195d9000
R15={method} {0x00000000174279f0} 'transform' '(Ljava/lang/ClassLoader;Ljava/lang/String;Ljava/lang/Class;Ljava/security/ProtectionDomain;[BZ)[B' in 'sun/instrument/InstrumentationImpl'


Stack: [0x000000001eed0000,0x000000001efd0000],  sp=0x000000001efcad80,  free space=1003k
Native frames: (J=compiled Java code, j=interpreted, Vv=VM code, C=native code)

Java frames: (J=compiled Java code, j=interpreted, Vv=VM code)
J 1028  java.lang.ClassLoader.defineClass1(Ljava/lang/String;[BIILjava/security/ProtectionDomain;Ljava/lang/String;)Ljava/lang/Class; (0 bytes) @ 0x000000000335435f [0x00000000033542c0+0x9f]
J 771 C1 java.lang.ClassLoader.defineClass(Ljava/lang/String;[BIILjava/security/ProtectionDomain;)Ljava/lang/Class; (43 bytes) @ 0x00000000032e829c [0x00000000032e81a0+0xfc]
J 781 C1 java.net.URLClassLoader.defineClass(Ljava/lang/String;Lsun/misc/Resource;)Ljava/lang/Class; (142 bytes) @ 0x00000000032f0acc [0x00000000032f0100+0x9cc]
J 720 C1 java.net.URLClassLoader$1.run()Ljava/lang/Class; (63 bytes) @ 0x00000000032ce434 [0x00000000032ce380+0xb4]
J 719 C1 java.net.URLClassLoader$1.run()Ljava/lang/Object; (5 bytes) @ 0x00000000032cdd54 [0x00000000032cdd20+0x34]
v  ~StubRoutines::call_stub
J 597  java.security.AccessController.doPrivileged(Ljava/security/PrivilegedExceptionAction;Ljava/security/AccessControlContext;)Ljava/lang/Object; (0 bytes) @ 0x000000000328eae6 [0x000000000328ea80+0x66]
J 674 C1 java.net.URLClassLoader.findClass(Ljava/lang/String;)Ljava/lang/Class; (47 bytes) @ 0x00000000032bc5f4 [0x00000000032bc540+0xb4]
J 3119 C1 java.lang.ClassLoader.loadClass(Ljava/lang/String;Z)Ljava/lang/Class; (122 bytes) @ 0x0000000003730a2c [0x00000000037307a0+0x28c]
J 631 C1 sun.misc.Launcher$AppClassLoader.loadClass(Ljava/lang/String;Z)Ljava/lang/Class; (85 bytes) @ 0x00000000032a0484 [0x00000000032a01a0+0x2e4]
J 622 C1 java.lang.ClassLoader.loadClass(Ljava/lang/String;)Ljava/lang/Class; (7 bytes) @ 0x000000000329ac64 [0x000000000329ac20+0x44]
v  ~StubRoutines::call_stub
j  org.springframework.boot.devtools.autoconfigure.LocalDevToolsAutoConfiguration$RestartConfiguration.onClassPathChanged(Lorg/springframework/boot/devtools/classpath/ClassPathChangedEvent;)V+10
v  ~StubRoutines::call_stub
J 1751  sun.reflect.NativeMethodAccessorImpl.invoke0(Ljava/lang/reflect/Method;Ljava/lang/Object;[Ljava/lang/Object;)Ljava/lang/Object; (0 bytes) @ 0x00000000034a36bf [0x00000000034a3640+0x7f]
J 1433 C1 sun.reflect.NativeMethodAccessorImpl.invoke(Ljava/lang/Object;[Ljava/lang/Object;)Ljava/lang/Object; (104 bytes) @ 0x0000000003401b5c [0x00000000034017e0+0x37c]
J 1397 C1 sun.reflect.DelegatingMethodAccessorImpl.invoke(Ljava/lang/Object;[Ljava/lang/Object;)Ljava/lang/Object; (10 bytes) @ 0x00000000033db764 [0x00000000033db720+0x44]
J 1396 C1 java.lang.reflect.Method.invoke(Ljava/lang/Object;[Ljava/lang/Object;)Ljava/lang/Object; (62 bytes) @ 0x00000000033db394 [0x00000000033db2a0+0xf4]
j  org.springframework.context.event.ApplicationListenerMethodAdapter.doInvoke([Ljava/lang/Object;)Ljava/lang/Object;+18
j  org.springframework.context.event.ApplicationListenerMethodAdapter.processEvent(Lorg/springframework/context/ApplicationEvent;)V+17
j  org.springframework.context.event.ApplicationListenerMethodAdapter.onApplicationEvent(Lorg/springframework/context/ApplicationEvent;)V+2
j  org.springframework.context.event.SimpleApplicationEventMulticaster.doInvokeListener(Lorg/springframework/context/ApplicationListener;Lorg/springframework/context/ApplicationEvent;)V+2
j  org.springframework.context.event.SimpleApplicationEventMulticaster.invokeListener(Lorg/springframework/context/ApplicationListener;Lorg/springframework/context/ApplicationEvent;)V+34
j  org.springframework.context.event.SimpleApplicationEventMulticaster.multicastEvent(Lorg/springframework/context/ApplicationEvent;Lorg/springframework/core/ResolvableType;)V+85
j  org.springframework.context.support.AbstractApplicationContext.publishEvent(Ljava/lang/Object;Lorg/springframework/core/ResolvableType;)V+122
j  org.springframework.context.support.AbstractApplicationContext.publishEvent(Lorg/springframework/context/ApplicationEvent;)V+3
j  org.springframework.boot.devtools.classpath.ClassPathFileChangeListener.publishEvent(Lorg/springframework/boot/devtools/classpath/ClassPathChangedEvent;)V+5
j  org.springframework.boot.devtools.classpath.ClassPathFileChangeListener.onChange(Ljava/util/Set;)V+17
j  org.springframework.boot.devtools.filewatch.FileSystemWatcher$Watcher.fireListeners(Ljava/util/Set;)V+31
j  org.springframework.boot.devtools.filewatch.FileSystemWatcher$Watcher.updateSnapshots(Ljava/util/Collection;)V+131
J 5263 C1 org.springframework.boot.devtools.filewatch.FileSystemWatcher$Watcher.scan()V (63 bytes) @ 0x0000000003b16e3c [0x0000000003b16d40+0xfc]
j  org.springframework.boot.devtools.filewatch.FileSystemWatcher$Watcher.run()V+30
j  java.lang.Thread.run()V+11
v  ~StubRoutines::call_stub

---------------  P R O C E S S  ---------------

Java Threads: ( => current thread )
  0x000000001cef6000 JavaThread "DestroyJavaVM" [_thread_blocked, id=3960, stack(0x0000000002bb0000,0x0000000002cb0000)]
  0x000000001cef5000 JavaThread "http-nio-7001-AsyncTimeout" daemon [_thread_blocked, id=13776, stack(0x0000000023dd0000,0x0000000023ed0000)]
  0x000000001d103000 JavaThread "http-nio-7001-Acceptor-0" daemon [_thread_in_native, id=21892, stack(0x0000000023cd0000,0x0000000023dd0000)]
  0x000000001d102800 JavaThread "http-nio-7001-ClientPoller-1" daemon [_thread_in_native, id=8196, stack(0x0000000023bd0000,0x0000000023cd0000)]
  0x000000001d107800 JavaThread "http-nio-7001-ClientPoller-0" daemon [_thread_in_native, id=18032, stack(0x0000000023ad0000,0x0000000023bd0000)]
  0x000000001d101800 JavaThread "http-nio-7001-exec-10" daemon [_thread_blocked, id=14148, stack(0x00000000239d0000,0x0000000023ad0000)]
  0x000000001d107000 JavaThread "http-nio-7001-exec-9" daemon [_thread_blocked, id=8000, stack(0x00000000238d0000,0x00000000239d0000)]
  0x000000001d104800 JavaThread "http-nio-7001-exec-8" daemon [_thread_blocked, id=22592, stack(0x00000000237d0000,0x00000000238d0000)]
  0x000000001d104000 JavaThread "http-nio-7001-exec-7" daemon [_thread_blocked, id=3936, stack(0x00000000236d0000,0x00000000237d0000)]
  0x000000001d106000 JavaThread "http-nio-7001-exec-6" daemon [_thread_blocked, id=13772, stack(0x00000000235d0000,0x00000000236d0000)]
  0x000000001d105800 JavaThread "http-nio-7001-exec-5" daemon [_thread_blocked, id=19624, stack(0x00000000234d0000,0x00000000235d0000)]
  0x000000001d101000 JavaThread "http-nio-7001-exec-4" daemon [_thread_blocked, id=9092, stack(0x00000000233d0000,0x00000000234d0000)]
  0x000000001d100000 JavaThread "http-nio-7001-exec-3" daemon [_thread_blocked, id=18584, stack(0x00000000232d0000,0x00000000233d0000)]
  0x000000001d0f8800 JavaThread "http-nio-7001-exec-2" daemon [_thread_blocked, id=20340, stack(0x00000000231d0000,0x00000000232d0000)]
  0x000000001d0fd000 JavaThread "http-nio-7001-exec-1" daemon [_thread_blocked, id=20152, stack(0x00000000230d0000,0x00000000231d0000)]
  0x000000001d0ff800 JavaThread "NioBlockingSelector.BlockPoller-1" daemon [_thread_in_native, id=22640, stack(0x0000000022fd0000,0x00000000230d0000)]
  0x000000001d0fc800 JavaThread "Eureka-CacheFillTimer" daemon [_thread_blocked, id=17780, stack(0x0000000022bd0000,0x0000000022cd0000)]
  0x000000001d0fb000 JavaThread "Eureka-PeerNodesUpdater" daemon [_thread_blocked, id=19916, stack(0x0000000022ad0000,0x0000000022bd0000)]
  0x000000001d0fe800 JavaThread "TaskNonBatchingWorker-eureka7002.com-0" daemon [_thread_blocked, id=23336, stack(0x00000000229d0000,0x0000000022ad0000)]
  0x000000001d0fb800 JavaThread "TaskAcceptor-eureka7002.com" daemon [_thread_blocked, id=23380, stack(0x00000000228d0000,0x00000000229d0000)]
  0x000000001d0f9800 JavaThread "TaskBatchingWorker-target_eureka7002.com-19" daemon [_thread_blocked, id=23180, stack(0x00000000227d0000,0x00000000228d0000)]
  0x000000001d0fe000 JavaThread "TaskBatchingWorker-target_eureka7002.com-18" daemon [_thread_blocked, id=23356, stack(0x00000000226d0000,0x00000000227d0000)]
  0x000000001d0fa000 JavaThread "TaskBatchingWorker-target_eureka7002.com-17" daemon [_thread_blocked, id=3920, stack(0x00000000225d0000,0x00000000226d0000)]
  0x000000001d0dd000 JavaThread "TaskBatchingWorker-target_eureka7002.com-16" daemon [_thread_blocked, id=12856, stack(0x00000000224d0000,0x00000000225d0000)]
  0x000000001d0d8000 JavaThread "TaskBatchingWorker-target_eureka7002.com-15" daemon [_thread_blocked, id=12648, stack(0x00000000223d0000,0x00000000224d0000)]
  0x000000001d0db000 JavaThread "TaskBatchingWorker-target_eureka7002.com-14" daemon [_thread_blocked, id=17204, stack(0x00000000222d0000,0x00000000223d0000)]
  0x000000001d0d7000 JavaThread "TaskBatchingWorker-target_eureka7002.com-13" daemon [_thread_blocked, id=19852, stack(0x00000000221d0000,0x00000000222d0000)]
  0x000000001d0dc800 JavaThread "TaskBatchingWorker-target_eureka7002.com-12" daemon [_thread_blocked, id=20724, stack(0x00000000220d0000,0x00000000221d0000)]
  0x000000001d0d9800 JavaThread "TaskBatchingWorker-target_eureka7002.com-11" daemon [_thread_blocked, id=23288, stack(0x0000000021fd0000,0x00000000220d0000)]
  0x000000001d0db800 JavaThread "TaskBatchingWorker-target_eureka7002.com-10" daemon [_thread_blocked, id=21344, stack(0x0000000021ed0000,0x0000000021fd0000)]
  0x000000001d0da000 JavaThread "TaskBatchingWorker-target_eureka7002.com-9" daemon [_thread_blocked, id=23208, stack(0x0000000021dd0000,0x0000000021ed0000)]
  0x000000001d0d8800 JavaThread "TaskBatchingWorker-target_eureka7002.com-8" daemon [_thread_blocked, id=8636, stack(0x0000000021cd0000,0x0000000021dd0000)]
  0x000000001d0cf800 JavaThread "TaskBatchingWorker-target_eureka7002.com-7" daemon [_thread_blocked, id=22660, stack(0x0000000021bd0000,0x0000000021cd0000)]
  0x000000001d0d6800 JavaThread "TaskBatchingWorker-target_eureka7002.com-6" daemon [_thread_blocked, id=8752, stack(0x0000000021ad0000,0x0000000021bd0000)]
  0x000000001d0d3800 JavaThread "TaskBatchingWorker-target_eureka7002.com-5" daemon [_thread_blocked, id=9048, stack(0x00000000219d0000,0x0000000021ad0000)]
  0x000000001d0d1000 JavaThread "TaskBatchingWorker-target_eureka7002.com-4" daemon [_thread_blocked, id=22568, stack(0x00000000218d0000,0x00000000219d0000)]
  0x000000001d0d2000 JavaThread "TaskBatchingWorker-target_eureka7002.com-3" daemon [_thread_blocked, id=21608, stack(0x00000000217d0000,0x00000000218d0000)]
  0x000000001d0cf000 JavaThread "TaskBatchingWorker-target_eureka7002.com-2" daemon [_thread_blocked, id=6536, stack(0x00000000216d0000,0x00000000217d0000)]
  0x000000001d0d2800 JavaThread "TaskBatchingWorker-target_eureka7002.com-1" daemon [_thread_blocked, id=23440, stack(0x00000000215d0000,0x00000000216d0000)]
  0x000000001d0d0800 JavaThread "TaskBatchingWorker-target_eureka7002.com-0" daemon [_thread_blocked, id=10612, stack(0x00000000214d0000,0x00000000215d0000)]
  0x000000001d0d5800 JavaThread "TaskAcceptor-target_eureka7002.com" daemon [_thread_blocked, id=17800, stack(0x00000000213d0000,0x00000000214d0000)]
  0x000000001d0d4000 JavaThread "Eureka-JerseyClient-Conn-Cleaner2" daemon [_thread_blocked, id=22812, stack(0x00000000212d0000,0x00000000213d0000)]
  0x000000001d0ce000 JavaThread "TaskNonBatchingWorker-eureka7003.com-0" daemon [_thread_blocked, id=23320, stack(0x00000000211d0000,0x00000000212d0000)]
  0x000000001d0d5000 JavaThread "TaskAcceptor-eureka7003.com" daemon [_thread_blocked, id=22972, stack(0x00000000210d0000,0x00000000211d0000)]
  0x000000001d0ad800 JavaThread "TaskBatchingWorker-target_eureka7003.com-19" daemon [_thread_blocked, id=10388, stack(0x0000000020fd0000,0x00000000210d0000)]
  0x000000001d0b4000 JavaThread "TaskBatchingWorker-target_eureka7003.com-18" daemon [_thread_blocked, id=15256, stack(0x0000000020ed0000,0x0000000020fd0000)]
  0x000000001d0b2000 JavaThread "TaskBatchingWorker-target_eureka7003.com-17" daemon [_thread_blocked, id=7884, stack(0x0000000020dd0000,0x0000000020ed0000)]
  0x000000001d0b1000 JavaThread "TaskBatchingWorker-target_eureka7003.com-16" daemon [_thread_blocked, id=21744, stack(0x0000000020cd0000,0x0000000020dd0000)]
  0x000000001d0b0800 JavaThread "TaskBatchingWorker-target_eureka7003.com-15" daemon [_thread_blocked, id=13364, stack(0x0000000020bd0000,0x0000000020cd0000)]
  0x000000001d0ac800 JavaThread "TaskBatchingWorker-target_eureka7003.com-14" daemon [_thread_blocked, id=20516, stack(0x0000000020ad0000,0x0000000020bd0000)]
  0x000000001d0af800 JavaThread "TaskBatchingWorker-target_eureka7003.com-13" daemon [_thread_blocked, id=14240, stack(0x00000000209d0000,0x0000000020ad0000)]
  0x000000001d0b3800 JavaThread "TaskBatchingWorker-target_eureka7003.com-12" daemon [_thread_blocked, id=16316, stack(0x00000000208d0000,0x00000000209d0000)]
  0x000000001d0ae000 JavaThread "TaskBatchingWorker-target_eureka7003.com-11" daemon [_thread_blocked, id=12896, stack(0x00000000207d0000,0x00000000208d0000)]
  0x000000001d0af000 JavaThread "TaskBatchingWorker-target_eureka7003.com-10" daemon [_thread_blocked, id=22816, stack(0x00000000206d0000,0x00000000207d0000)]
  0x000000001d0b2800 JavaThread "TaskBatchingWorker-target_eureka7003.com-9" daemon [_thread_blocked, id=22280, stack(0x00000000205d0000,0x00000000206d0000)]
  0x000000001d0a6000 JavaThread "TaskBatchingWorker-target_eureka7003.com-8" daemon [_thread_blocked, id=5628, stack(0x00000000204d0000,0x00000000205d0000)]
  0x000000001d0a5000 JavaThread "TaskBatchingWorker-target_eureka7003.com-7" daemon [_thread_blocked, id=23296, stack(0x00000000203d0000,0x00000000204d0000)]
  0x000000001d0ac000 JavaThread "TaskBatchingWorker-target_eureka7003.com-6" daemon [_thread_blocked, id=22064, stack(0x00000000202d0000,0x00000000203d0000)]
  0x000000001d0ab000 JavaThread "TaskBatchingWorker-target_eureka7003.com-5" daemon [_thread_blocked, id=15356, stack(0x00000000201d0000,0x00000000202d0000)]
  0x000000001d0a6800 JavaThread "TaskBatchingWorker-target_eureka7003.com-4" daemon [_thread_blocked, id=7160, stack(0x00000000200d0000,0x00000000201d0000)]
  0x000000001d0a7800 JavaThread "TaskBatchingWorker-target_eureka7003.com-3" daemon [_thread_blocked, id=21848, stack(0x000000001ffd0000,0x00000000200d0000)]
  0x000000001d0a8000 JavaThread "TaskBatchingWorker-target_eureka7003.com-2" daemon [_thread_blocked, id=16700, stack(0x000000001fed0000,0x000000001ffd0000)]
  0x000000001d0a9800 JavaThread "TaskBatchingWorker-target_eureka7003.com-1" daemon [_thread_blocked, id=22636, stack(0x000000001fdd0000,0x000000001fed0000)]
  0x000000001d0a9000 JavaThread "TaskBatchingWorker-target_eureka7003.com-0" daemon [_thread_blocked, id=20732, stack(0x000000001fcd0000,0x000000001fdd0000)]
  0x000000001d0aa800 JavaThread "StatsMonitor-0" daemon [_thread_blocked, id=22740, stack(0x000000001fbd0000,0x000000001fcd0000)]
  0x00000000195da800 JavaThread "TaskAcceptor-target_eureka7003.com" daemon [_thread_blocked, id=23148, stack(0x000000001fad0000,0x000000001fbd0000)]
  0x00000000195db800 JavaThread "Eureka-JerseyClient-Conn-Cleaner2" daemon [_thread_blocked, id=23228, stack(0x000000001f9d0000,0x000000001fad0000)]
  0x00000000195d8800 JavaThread "Eureka-MeasureRateTimer" daemon [_thread_blocked, id=20488, stack(0x000000001f6d0000,0x000000001f7d0000)]
  0x00000000195d7000 JavaThread "ReplicaAwareInstanceRegistry - RenewalThresholdUpdater" daemon [_thread_blocked, id=7684, stack(0x000000001f5d0000,0x000000001f6d0000)]
  0x00000000195da000 JavaThread "Eureka-MeasureRateTimer" daemon [_thread_blocked, id=23324, stack(0x000000001f4d0000,0x000000001f5d0000)]
  0x00000000195d7800 JavaThread "Eureka-EvictionTimer" daemon [_thread_blocked, id=18408, stack(0x000000001f3d0000,0x000000001f4d0000)]
  0x00000000195d6000 JavaThread "Eureka-DeltaRetentionTimer" daemon [_thread_blocked, id=6384, stack(0x000000001f2d0000,0x000000001f3d0000)]
  0x00000000195d5800 JavaThread "Live Reload Server" daemon [_thread_in_native, id=21984, stack(0x000000001f0d0000,0x000000001f1d0000)]
=>0x00000000195d9000 JavaThread "File Watcher" daemon [_thread_in_vm, id=8792, stack(0x000000001eed0000,0x000000001efd0000)]
  0x00000000195d4800 JavaThread "spring.cloud.inetutils" daemon [_thread_blocked, id=21840, stack(0x000000001e9d0000,0x000000001ead0000)]
  0x000000001cd0a800 JavaThread "container-0" [_thread_blocked, id=22880, stack(0x000000001e6d0000,0x000000001e7d0000)]
  0x000000001cd08000 JavaThread "ContainerBackgroundProcessor[StandardEngine[Tomcat]]" daemon [_thread_blocked, id=21524, stack(0x000000001e3d0000,0x000000001e4d0000)]
  0x0000000019bd8800 JavaThread "RMI Scheduler(0)" daemon [_thread_blocked, id=16648, stack(0x000000001aa30000,0x000000001ab30000)]
  0x0000000019980000 JavaThread "RMI TCP Accept-0" daemon [_thread_in_native, id=9912, stack(0x000000001a230000,0x000000001a330000)]
  0x00000000196f1800 JavaThread "Service Thread" daemon [_thread_blocked, id=21752, stack(0x000000001a130000,0x000000001a230000)]
  0x00000000196eb800 JavaThread "C1 CompilerThread2" daemon [_thread_blocked, id=15148, stack(0x000000001a030000,0x000000001a130000)]
  0x0000000019692000 JavaThread "C2 CompilerThread1" daemon [_thread_blocked, id=5684, stack(0x0000000019f30000,0x000000001a030000)]
  0x000000001963c800 JavaThread "C2 CompilerThread0" daemon [_thread_blocked, id=13184, stack(0x0000000019e30000,0x0000000019f30000)]
  0x0000000019636800 JavaThread "Monitor Ctrl-Break" daemon [_thread_in_native, id=21856, stack(0x0000000019d30000,0x0000000019e30000)]
  0x0000000017bfc800 JavaThread "Attach Listener" daemon [_thread_blocked, id=22100, stack(0x0000000019430000,0x0000000019530000)]
  0x0000000018f73800 JavaThread "Signal Dispatcher" daemon [_thread_blocked, id=19472, stack(0x0000000019330000,0x0000000019430000)]
  0x0000000017bba800 JavaThread "Finalizer" daemon [_thread_blocked, id=23416, stack(0x0000000018e30000,0x0000000018f30000)]
  0x0000000017bb9000 JavaThread "Reference Handler" daemon [_thread_blocked, id=22616, stack(0x0000000018d30000,0x0000000018e30000)]

Other Threads:
  0x0000000017b97000 VMThread [stack: 0x0000000018c30000,0x0000000018d30000] [id=2828]
  0x0000000019992800 WatcherThread [stack: 0x000000001a330000,0x000000001a430000] [id=7220]

VM state:not at safepoint (normal execution)

VM Mutex/Monitor currently owned by a thread: None

heap address: 0x0000000081c00000, size: 2020 MB, Compressed Oops mode: 32-bit
Narrow klass base: 0x0000000000000000, Narrow klass shift: 3
Compressed class space size: 1073741824 Address: 0x0000000100000000

Heap:
 PSYoungGen      total 248832K, used 4711K [0x00000000d5f00000, 0x00000000ee200000, 0x0000000100000000)
  eden space 244224K, 1% used [0x00000000d5f00000,0x00000000d6399ca0,0x00000000e4d80000)
  from space 4608K, 0% used [0x00000000ec700000,0x00000000ec700000,0x00000000ecb80000)
  to   space 15872K, 0% used [0x00000000ed280000,0x00000000ed280000,0x00000000ee200000)
 ParOldGen       total 98816K, used 29529K [0x0000000081c00000, 0x0000000087c80000, 0x00000000d5f00000)
  object space 98816K, 29% used [0x0000000081c00000,0x00000000838d66f0,0x0000000087c80000)
 Metaspace       used 42887K, capacity 43516K, committed 44288K, reserved 1087488K
  class space    used 5756K, capacity 5921K, committed 6144K, reserved 1048576K

Card table byte_map: [0x0000000012460000,0x0000000012860000] byte_map_base: 0x0000000012052000

Marking Bits: (ParMarkBitMap*) 0x0000000063616d90
 Begin Bits: [0x0000000012f10000, 0x0000000014ea0000)
 End Bits:   [0x0000000014ea0000, 0x0000000016e30000)

Polling page: 0x0000000000a70000

CodeCache: size=245760Kb used=11241Kb max_used=11241Kb free=234518Kb
 bounds [0x00000000030a0000, 0x0000000003ba0000, 0x00000000120a0000]
 total_blobs=5927 nmethods=5458 adapters=381
 compilation: enabled

Compilation events (10 events):
Event: 45917.028 Thread 0x00000000196eb800 5569       1       java.util.concurrent.ConcurrentHashMap$CollectionView::toArray (207 bytes)
Event: 45917.028 Thread 0x00000000196eb800 nmethod 5569 0x0000000003b985d0 code [0x0000000003b987e0, 0x0000000003b98e38]
Event: 46097.031 Thread 0x00000000196eb800 5570       1       org.apache.catalina.session.ManagerBase::processExpires (196 bytes)
Event: 46097.032 Thread 0x00000000196eb800 nmethod 5570 0x0000000003b99490 code [0x0000000003b99740, 0x0000000003b9a1e8]
Event: 46097.032 Thread 0x00000000196eb800 5571       1       org.apache.catalina.session.ManagerBase::findSessions (22 bytes)
Event: 46097.032 Thread 0x00000000196eb800 nmethod 5571 0x0000000003b9abd0 code [0x0000000003b9ad40, 0x0000000003b9af78]
Event: 49220.680 Thread 0x00000000196eb800 5572   !   1       com.netflix.appinfo.ApplicationInfoManager$$FastClassBySpringCGLIB$$ca6abd37::invoke (220 bytes)
Event: 49220.681 Thread 0x00000000196eb800 nmethod 5572 0x0000000003b9b050 code [0x0000000003b9b340, 0x0000000003b9bd18]
Event: 49820.682 Thread 0x00000000196eb800 5573   !   1       com.netflix.appinfo.ApplicationInfoManager$$EnhancerBySpringCGLIB$$3df45e10::getInfo (55 bytes)
Event: 49820.682 Thread 0x00000000196eb800 nmethod 5573 0x0000000003b9ce10 code [0x0000000003b9cfa0, 0x0000000003b9d228]

GC Heap History (10 events):
Event: 27651.461 GC heap before
{Heap before GC invocations=16 (full 2):
 PSYoungGen      total 290816K, used 290728K [0x00000000d5f00000, 0x00000000f0100000, 0x0000000100000000)
  eden space 286208K, 100% used [0x00000000d5f00000,0x00000000e7680000,0x00000000e7680000)
  from space 4608K, 98% used [0x00000000ee800000,0x00000000eec6a040,0x00000000eec80000)
  to   space 16384K, 0% used [0x00000000ef100000,0x00000000ef100000,0x00000000f0100000)
 ParOldGen       total 98816K, used 35355K [0x0000000081c00000, 0x0000000087c80000, 0x00000000d5f00000)
  object space 98816K, 35% used [0x0000000081c00000,0x0000000083e86cd8,0x0000000087c80000)
 Metaspace       used 43274K, capacity 44054K, committed 44160K, reserved 1087488K
  class space    used 5816K, capacity 6000K, committed 6016K, reserved 1048576K
Event: 27651.468 GC heap after
Heap after GC invocations=16 (full 2):
 PSYoungGen      total 279552K, used 4168K [0x00000000d5f00000, 0x00000000ef580000, 0x0000000100000000)
  eden space 274944K, 0% used [0x00000000d5f00000,0x00000000d5f00000,0x00000000e6b80000)
  from space 4608K, 90% used [0x00000000ef100000,0x00000000ef512040,0x00000000ef580000)
  to   space 16384K, 0% used [0x00000000ed580000,0x00000000ed580000,0x00000000ee580000)
 ParOldGen       total 98816K, used 35363K [0x0000000081c00000, 0x0000000087c80000, 0x00000000d5f00000)
  object space 98816K, 35% used [0x0000000081c00000,0x0000000083e88cd8,0x0000000087c80000)
 Metaspace       used 43274K, capacity 44054K, committed 44160K, reserved 1087488K
  class space    used 5816K, capacity 6000K, committed 6016K, reserved 1048576K
}
Event: 40064.141 GC heap before
{Heap before GC invocations=17 (full 2):
 PSYoungGen      total 279552K, used 279112K [0x00000000d5f00000, 0x00000000ef580000, 0x0000000100000000)
  eden space 274944K, 100% used [0x00000000d5f00000,0x00000000e6b80000,0x00000000e6b80000)
  from space 4608K, 90% used [0x00000000ef100000,0x00000000ef512040,0x00000000ef580000)
  to   space 16384K, 0% used [0x00000000ed580000,0x00000000ed580000,0x00000000ee580000)
 ParOldGen       total 98816K, used 35363K [0x0000000081c00000, 0x0000000087c80000, 0x00000000d5f00000)
  object space 98816K, 35% used [0x0000000081c00000,0x0000000083e88cd8,0x0000000087c80000)
 Metaspace       used 43274K, capacity 44054K, committed 44160K, reserved 1087488K
  class space    used 5816K, capacity 6000K, committed 6016K, reserved 1048576K
Event: 40064.149 GC heap after
Heap after GC invocations=17 (full 2):
 PSYoungGen      total 268800K, used 4168K [0x00000000d5f00000, 0x00000000ef180000, 0x0000000100000000)
  eden space 264192K, 0% used [0x00000000d5f00000,0x00000000d5f00000,0x00000000e6100000)
  from space 4608K, 90% used [0x00000000ed580000,0x00000000ed992040,0x00000000eda00000)
  to   space 16384K, 0% used [0x00000000ee180000,0x00000000ee180000,0x00000000ef180000)
 ParOldGen       total 98816K, used 35363K [0x0000000081c00000, 0x0000000087c80000, 0x00000000d5f00000)
  object space 98816K, 35% used [0x0000000081c00000,0x0000000083e88cd8,0x0000000087c80000)
 Metaspace       used 43274K, capacity 44054K, committed 44160K, reserved 1087488K
  class space    used 5816K, capacity 6000K, committed 6016K, reserved 1048576K
}
Event: 51948.469 GC heap before
{Heap before GC invocations=18 (full 2):
 PSYoungGen      total 268800K, used 268360K [0x00000000d5f00000, 0x00000000ef180000, 0x0000000100000000)
  eden space 264192K, 100% used [0x00000000d5f00000,0x00000000e6100000,0x00000000e6100000)
  from space 4608K, 90% used [0x00000000ed580000,0x00000000ed992040,0x00000000eda00000)
  to   space 16384K, 0% used [0x00000000ee180000,0x00000000ee180000,0x00000000ef180000)
 ParOldGen       total 98816K, used 35363K [0x0000000081c00000, 0x0000000087c80000, 0x00000000d5f00000)
  object space 98816K, 35% used [0x0000000081c00000,0x0000000083e88cd8,0x0000000087c80000)
 Metaspace       used 43274K, capacity 44054K, committed 44160K, reserved 1087488K
  class space    used 5816K, capacity 6000K, committed 6016K, reserved 1048576K
Event: 51948.476 GC heap after
Heap after GC invocations=18 (full 2):
 PSYoungGen      total 258560K, used 4168K [0x00000000d5f00000, 0x00000000ee600000, 0x0000000100000000)
  eden space 253952K, 0% used [0x00000000d5f00000,0x00000000d5f00000,0x00000000e5700000)
  from space 4608K, 90% used [0x00000000ee180000,0x00000000ee592040,0x00000000ee600000)
  to   space 15872K, 0% used [0x00000000ec700000,0x00000000ec700000,0x00000000ed680000)
 ParOldGen       total 98816K, used 35371K [0x0000000081c00000, 0x0000000087c80000, 0x00000000d5f00000)
  object space 98816K, 35% used [0x0000000081c00000,0x0000000083e8acd8,0x0000000087c80000)
 Metaspace       used 43274K, capacity 44054K, committed 44160K, reserved 1087488K
  class space    used 5816K, capacity 6000K, committed 6016K, reserved 1048576K
}
Event: 58456.081 GC heap before
{Heap before GC invocations=19 (full 2):
 PSYoungGen      total 258560K, used 151848K [0x00000000d5f00000, 0x00000000ee600000, 0x0000000100000000)
  eden space 253952K, 58% used [0x00000000d5f00000,0x00000000def38350,0x00000000e5700000)
  from space 4608K, 90% used [0x00000000ee180000,0x00000000ee592040,0x00000000ee600000)
  to   space 15872K, 0% used [0x00000000ec700000,0x00000000ec700000,0x00000000ed680000)
 ParOldGen       total 98816K, used 35371K [0x0000000081c00000, 0x0000000087c80000, 0x00000000d5f00000)
  object space 98816K, 35% used [0x0000000081c00000,0x0000000083e8acd8,0x0000000087c80000)
 Metaspace       used 43277K, capacity 44054K, committed 44160K, reserved 1087488K
  class space    used 5816K, capacity 6000K, committed 6016K, reserved 1048576K
Event: 58456.088 GC heap after
Heap after GC invocations=19 (full 2):
 PSYoungGen      total 248832K, used 4200K [0x00000000d5f00000, 0x00000000ee200000, 0x0000000100000000)
  eden space 244224K, 0% used [0x00000000d5f00000,0x00000000d5f00000,0x00000000e4d80000)
  from space 4608K, 91% used [0x00000000ec700000,0x00000000ecb1a040,0x00000000ecb80000)
  to   space 15872K, 0% used [0x00000000ed280000,0x00000000ed280000,0x00000000ee200000)
 ParOldGen       total 98816K, used 35371K [0x0000000081c00000, 0x0000000087c80000, 0x00000000d5f00000)
  object space 98816K, 35% used [0x0000000081c00000,0x0000000083e8acd8,0x0000000087c80000)
 Metaspace       used 43277K, capacity 44054K, committed 44160K, reserved 1087488K
  class space    used 5816K, capacity 6000K, committed 6016K, reserved 1048576K
}
Event: 58456.088 GC heap before
{Heap before GC invocations=20 (full 3):
 PSYoungGen      total 248832K, used 4200K [0x00000000d5f00000, 0x00000000ee200000, 0x0000000100000000)
  eden space 244224K, 0% used [0x00000000d5f00000,0x00000000d5f00000,0x00000000e4d80000)
  from space 4608K, 91% used [0x00000000ec700000,0x00000000ecb1a040,0x00000000ecb80000)
  to   space 15872K, 0% used [0x00000000ed280000,0x00000000ed280000,0x00000000ee200000)
 ParOldGen       total 98816K, used 35371K [0x0000000081c00000, 0x0000000087c80000, 0x00000000d5f00000)
  object space 98816K, 35% used [0x0000000081c00000,0x0000000083e8acd8,0x0000000087c80000)
 Metaspace       used 43277K, capacity 44054K, committed 44160K, reserved 1087488K
  class space    used 5816K, capacity 6000K, committed 6016K, reserved 1048576K
Event: 58456.253 GC heap after
Heap after GC invocations=20 (full 3):
 PSYoungGen      total 248832K, used 0K [0x00000000d5f00000, 0x00000000ee200000, 0x0000000100000000)
  eden space 244224K, 0% used [0x00000000d5f00000,0x00000000d5f00000,0x00000000e4d80000)
  from space 4608K, 0% used [0x00000000ec700000,0x00000000ec700000,0x00000000ecb80000)
  to   space 15872K, 0% used [0x00000000ed280000,0x00000000ed280000,0x00000000ee200000)
 ParOldGen       total 98816K, used 29529K [0x0000000081c00000, 0x0000000087c80000, 0x00000000d5f00000)
  object space 98816K, 29% used [0x0000000081c00000,0x00000000838d66f0,0x0000000087c80000)
 Metaspace       used 42883K, capacity 43420K, committed 44160K, reserved 1087488K
  class space    used 5755K, capacity 5889K, committed 6016K, reserved 1048576K
}

Deoptimization events (0 events):
No events

Classes redefined (0 events):
No events

Internal exceptions (10 events):
Event: 21.304 Thread 0x0000000019d2e800 Exception <a 'java/lang/ClassNotFoundException': org/springframework/boot/actuate/endpoint/jmx/EndpointMBeanCustomizer> (0x00000000df790d50) thrown at [C:\re\workspace\8-2-build-windows-amd64-cygwin\jdk8u231\13620\hotspot\src\share\vm\classfile\systemDict
Event: 21.305 Thread 0x0000000019d2e800 Exception <a 'java/lang/ClassNotFoundException': org/springframework/boot/actuate/endpoint/jmx/LoggersEndpointMBeanCustomizer> (0x00000000df7c1368) thrown at [C:\re\workspace\8-2-build-windows-amd64-cygwin\jdk8u231\13620\hotspot\src\share\vm\classfile\sys
Event: 21.305 Thread 0x0000000019d2e800 Exception <a 'java/lang/ClassNotFoundException': org/springframework/boot/actuate/endpoint/jmx/JmxEndpointCustomizer> (0x00000000df7f81f8) thrown at [C:\re\workspace\8-2-build-windows-amd64-cygwin\jdk8u231\13620\hotspot\src\share\vm\classfile\systemDictio
Event: 21.322 Thread 0x0000000019d2e800 Exception <a 'java/lang/ArrayIndexOutOfBoundsException'> (0x00000000df960bf0) thrown at [C:\re\workspace\8-2-build-windows-amd64-cygwin\jdk8u231\13620\hotspot\src\share\vm\runtime\sharedRuntime.cpp, line 605]
Event: 22.201 Thread 0x000000001b62f000 Exception <a 'java/lang/ArrayIndexOutOfBoundsException'> (0x00000000e50f78b0) thrown at [C:\re\workspace\8-2-build-windows-amd64-cygwin\jdk8u231\13620\hotspot\src\share\vm\runtime\sharedRuntime.cpp, line 605]
Event: 22.218 Thread 0x000000001b62f000 Exception <a 'java/lang/ArrayIndexOutOfBoundsException'> (0x00000000e5211488) thrown at [C:\re\workspace\8-2-build-windows-amd64-cygwin\jdk8u231\13620\hotspot\src\share\vm\runtime\sharedRuntime.cpp, line 605]
Event: 22.220 Thread 0x000000001b62f000 Exception <a 'java/lang/ArrayIndexOutOfBoundsException'> (0x00000000e525cc98) thrown at [C:\re\workspace\8-2-build-windows-amd64-cygwin\jdk8u231\13620\hotspot\src\share\vm\runtime\sharedRuntime.cpp, line 605]
Event: 22.233 Thread 0x000000001b62f000 Exception <a 'java/lang/ArrayIndexOutOfBoundsException'> (0x00000000e535b388) thrown at [C:\re\workspace\8-2-build-windows-amd64-cygwin\jdk8u231\13620\hotspot\src\share\vm\runtime\sharedRuntime.cpp, line 605]
Event: 22.257 Thread 0x000000001b62f000 Exception <a 'java/lang/ArrayIndexOutOfBoundsException'> (0x00000000e5447258) thrown at [C:\re\workspace\8-2-build-windows-amd64-cygwin\jdk8u231\13620\hotspot\src\share\vm\runtime\sharedRuntime.cpp, line 605]
Event: 23.117 Thread 0x000000001cef3000 Exception <a 'java/lang/ArrayIndexOutOfBoundsException'> (0x00000000e62c1fb8) thrown at [C:\re\workspace\8-2-build-windows-amd64-cygwin\jdk8u231\13620\hotspot\src\share\vm\runtime\sharedRuntime.cpp, line 605]

Events (10 events):
Event: 58456.258 loading class org/zeroturnaround/javarebel/ReloaderFactory
Event: 58456.258 loading class org/zeroturnaround/javarebel/ReloaderFactory done
Event: 58456.258 loading class org/zeroturnaround/javarebel$ReloaderFactory
Event: 58456.258 loading class org/zeroturnaround/javarebel$ReloaderFactory done
Event: 58456.258 loading class org/hotswap/agent/HotswapAgent
Event: 58456.258 loading class org/hotswap/agent/HotswapAgent done
Event: 58456.259 loading class org/hotswap/agent$HotswapAgent
Event: 58456.259 loading class org/hotswap/agent$HotswapAgent done
Event: 58456.260 loading class org/springframework/boot/devtools/autoconfigure/FileWatchingFailureHandler
Event: 58456.260 loading class org/springframework/boot/devtools/autoconfigure/FileWatchingFailureHandler done


Dynamic libraries:
0x00007ff791260000 - 0x00007ff791297000 	G:\jdk1.8\bin\java.exe
0x00007ffc2caf0000 - 0x00007ffc2ccd1000 	C:\WINDOWS\SYSTEM32\ntdll.dll
0x00007ffc2bab0000 - 0x00007ffc2bb61000 	C:\WINDOWS\System32\KERNEL32.DLL
0x00007ffc29be0000 - 0x00007ffc29e53000 	C:\WINDOWS\System32\KERNELBASE.dll
0x00007ffc2bc60000 - 0x00007ffc2bd01000 	C:\WINDOWS\System32\ADVAPI32.dll
0x00007ffc2a520000 - 0x00007ffc2a5be000 	C:\WINDOWS\System32\msvcrt.dll
0x00007ffc2a190000 - 0x00007ffc2a1eb000 	C:\WINDOWS\System32\sechost.dll
0x00007ffc29f60000 - 0x00007ffc2a084000 	C:\WINDOWS\System32\RPCRT4.dll
0x00007ffc2a310000 - 0x00007ffc2a4a1000 	C:\WINDOWS\System32\USER32.dll
0x00007ffc290e0000 - 0x00007ffc29100000 	C:\WINDOWS\System32\win32u.dll
0x00007ffc2c760000 - 0x00007ffc2c788000 	C:\WINDOWS\System32\GDI32.dll
0x00007ffc29a40000 - 0x00007ffc29bd1000 	C:\WINDOWS\System32\gdi32full.dll
0x00007ffc29ec0000 - 0x00007ffc29f5f000 	C:\WINDOWS\System32\msvcp_win.dll
0x00007ffc29100000 - 0x00007ffc291f8000 	C:\WINDOWS\System32\ucrtbase.dll
0x00007ffc1ccc0000 - 0x00007ffc1cf29000 	C:\WINDOWS\WinSxS\amd64_microsoft.windows.common-controls_6595b64144ccf1df_6.0.17134.1184_none_d403e8b37c8ca406\COMCTL32.dll
0x00007ffc2c790000 - 0x00007ffc2cab1000 	C:\WINDOWS\System32\combase.dll
0x00007ffc29200000 - 0x00007ffc29279000 	C:\WINDOWS\System32\bcryptPrimitives.dll
0x00007ffc2a160000 - 0x00007ffc2a18d000 	C:\WINDOWS\System32\IMM32.DLL
0x0000000063bf0000 - 0x0000000063cc2000 	G:\jdk1.8\jre\bin\msvcr100.dll
0x0000000062df0000 - 0x0000000063696000 	G:\jdk1.8\jre\bin\server\jvm.dll
0x00007ffc2a300000 - 0x00007ffc2a308000 	C:\WINDOWS\System32\PSAPI.DLL
0x00007ffc16580000 - 0x00007ffc16589000 	C:\WINDOWS\SYSTEM32\WSOCK32.dll
0x00007ffc2bb70000 - 0x00007ffc2bbdc000 	C:\WINDOWS\System32\WS2_32.dll
0x00007ffc26c30000 - 0x00007ffc26c53000 	C:\WINDOWS\SYSTEM32\WINMM.dll
0x00007ffc24b50000 - 0x00007ffc24b5a000 	C:\WINDOWS\SYSTEM32\VERSION.dll
0x00007ffc26c00000 - 0x00007ffc26c2a000 	C:\WINDOWS\SYSTEM32\WINMMBASE.dll
0x00007ffc28ea0000 - 0x00007ffc28ee9000 	C:\WINDOWS\System32\cfgmgr32.dll
0x00007ffc1da00000 - 0x00007ffc1da0f000 	G:\jdk1.8\jre\bin\verify.dll
0x00007ffc18dc0000 - 0x00007ffc18de9000 	G:\jdk1.8\jre\bin\java.dll
0x00007ffc1d790000 - 0x00007ffc1d7b3000 	G:\jdk1.8\jre\bin\instrument.dll
0x00007ffc1d000000 - 0x00007ffc1d016000 	G:\jdk1.8\jre\bin\zip.dll
0x00007ffc2a5c0000 - 0x00007ffc2ba05000 	C:\WINDOWS\System32\SHELL32.dll
0x00007ffc2a250000 - 0x00007ffc2a2f9000 	C:\WINDOWS\System32\shcore.dll
0x00007ffc29280000 - 0x00007ffc29990000 	C:\WINDOWS\System32\windows.storage.dll
0x00007ffc2a4b0000 - 0x00007ffc2a501000 	C:\WINDOWS\System32\shlwapi.dll
0x00007ffc28df0000 - 0x00007ffc28e01000 	C:\WINDOWS\System32\kernel.appcore.dll
0x00007ffc28e30000 - 0x00007ffc28e4f000 	C:\WINDOWS\System32\profapi.dll
0x00007ffc28e50000 - 0x00007ffc28e9c000 	C:\WINDOWS\System32\powrprof.dll
0x00007ffc28de0000 - 0x00007ffc28dea000 	C:\WINDOWS\System32\FLTLIB.DLL
0x00007ffc1d800000 - 0x00007ffc1d81a000 	G:\idea\IntelliJ IDEA 2019.2\bin\breakgen64.dll
0x00007ffc0a000000 - 0x00007ffc0a01a000 	G:\jdk1.8\jre\bin\net.dll
0x00007ffc28600000 - 0x00007ffc28666000 	C:\WINDOWS\system32\mswsock.dll
0x00007ffc1a580000 - 0x00007ffc1a68d000 	C:\WINDOWS\SysWOW64\ierd_tgp_lsp64.dll
0x00007ffc2c160000 - 0x00007ffc2c2b1000 	C:\WINDOWS\System32\ole32.dll
0x00007ffc28390000 - 0x00007ffc2844e000 	C:\WINDOWS\SYSTEM32\DNSAPI.dll
0x00007ffc2a510000 - 0x00007ffc2a518000 	C:\WINDOWS\System32\NSI.dll
0x00007ffc28350000 - 0x00007ffc28388000 	C:\WINDOWS\SYSTEM32\IPHLPAPI.DLL
0x0000000063a40000 - 0x0000000063a66000 	C:\Program Files\Bonjour\mdnsNSP.dll
0x00007ffc1bd20000 - 0x00007ffc1bd2a000 	C:\Windows\System32\rasadhlp.dll
0x00007ffc1c430000 - 0x00007ffc1c4a2000 	C:\WINDOWS\System32\fwpuclnt.dll
0x00007ffc288e0000 - 0x00007ffc28905000 	C:\WINDOWS\SYSTEM32\bcrypt.dll
0x00007ffc23730000 - 0x00007ffc2373d000 	G:\jdk1.8\jre\bin\management.dll
0x00007ffc09fe0000 - 0x00007ffc09ff2000 	G:\jdk1.8\jre\bin\nio.dll
0x00007ffc287c0000 - 0x00007ffc287d7000 	C:\WINDOWS\SYSTEM32\CRYPTSP.dll
0x00007ffc281b0000 - 0x00007ffc281e3000 	C:\WINDOWS\system32\rsaenh.dll
0x00007ffc28d10000 - 0x00007ffc28d38000 	C:\WINDOWS\SYSTEM32\USERENV.dll
0x00007ffc287b0000 - 0x00007ffc287bb000 	C:\WINDOWS\SYSTEM32\CRYPTBASE.dll
0x00007ffc24bc0000 - 0x00007ffc24bd6000 	C:\WINDOWS\SYSTEM32\dhcpcsvc6.DLL
0x00007ffc21490000 - 0x00007ffc214aa000 	C:\WINDOWS\SYSTEM32\dhcpcsvc.DLL
0x00007ffc12600000 - 0x00007ffc12616000 	C:\WINDOWS\system32\napinsp.dll
0x00007ffc125e0000 - 0x00007ffc125fa000 	C:\WINDOWS\system32\pnrpnsp.dll
0x00007ffc254d0000 - 0x00007ffc254e9000 	C:\WINDOWS\system32\NLAapi.dll
0x00007ffc144c0000 - 0x00007ffc144ce000 	C:\WINDOWS\System32\winrnr.dll
0x00007ffc23740000 - 0x00007ffc23764000 	G:\jdk1.8\jre\bin\sunec.dll

VM Arguments:
jvm_args: -XX:TieredStopAtLevel=1 -Xverify:none -Dspring.output.ansi.enabled=always -Dcom.sun.management.jmxremote -Dspring.jmx.enabled=true -Dspring.liveBeansView.mbeanDomain -Dspring.application.admin.enabled=true -javaagent:G:\idea\IntelliJ IDEA 2019.2\lib\idea_rt.jar=11843:G:\idea\IntelliJ IDEA 2019.2\bin -Dfile.encoding=UTF-8 
java_command: com.scau.zifeng.EurekaServer7001_App
java_class_path (initial): G:\jdk1.8\jre\lib\charsets.jar;G:\jdk1.8\jre\lib\deploy.jar;G:\jdk1.8\jre\lib\ext\access-bridge-64.jar;G:\jdk1.8\jre\lib\ext\cldrdata.jar;G:\jdk1.8\jre\lib\ext\dnsns.jar;G:\jdk1.8\jre\lib\ext\jaccess.jar;G:\jdk1.8\jre\lib\ext\jfxrt.jar;G:\jdk1.8\jre\lib\ext\localedata.jar;G:\jdk1.8\jre\lib\ext\nashorn.jar;G:\jdk1.8\jre\lib\ext\sunec.jar;G:\jdk1.8\jre\lib\ext\sunjce_provider.jar;G:\jdk1.8\jre\lib\ext\sunmscapi.jar;G:\jdk1.8\jre\lib\ext\sunpkcs11.jar;G:\jdk1.8\jre\lib\ext\zipfs.jar;G:\jdk1.8\jre\lib\javaws.jar;G:\jdk1.8\jre\lib\jce.jar;G:\jdk1.8\jre\lib\jfr.jar;G:\jdk1.8\jre\lib\jfxswt.jar;G:\jdk1.8\jre\lib\jsse.jar;G:\jdk1.8\jre\lib\management-agent.jar;G:\jdk1.8\jre\lib\plugin.jar;G:\jdk1.8\jre\lib\resources.jar;G:\jdk1.8\jre\lib\rt.jar;G:\idea\propertymanagement\propertymanagement-eureka-7001\target\classes;G:\apache-maven-3.6.1\my_maven_local_repository\org\springframework\cloud\spring-cloud-starter-eureka-server\1.3.1.RELEASE\spring-cloud-starter-eureka-server-1.3.1.RELEASE.jar;G:\apache-maven-3.6.1\my_maven_local_repository\org\springframework\cloud\spring-cloud-starter\1.2.2.RELEASE\spring-cloud-starter-1.2.2.RELEASE.jar;G:\apache-maven-3.6.1\my_maven_local_repository\org\springframework\boot\spring-boot-starter\1.5.9.RELEASE\spring-boot-starter-1.5.9.RELEASE.jar;G:\apache-maven-3.6.1\my_maven_local_repository\org\springframework\boot\spring-boot-starter-logging\1.5.9.RELEASE\spring-boot-starter-logging-1.5.9.RELEASE.jar;G:\apache-maven-3.6.1\my_maven_local_repository\ch\qos\logback\logback-classic\1.1.11\logback-classic-1.1.11.jar;G:\apache-maven-3.6.1\my_maven_local_repository\ch\qos\logback\logback-core\1.2.3\logback-core-1.2.3.jar;G:\apache-maven-3.6.1\my_maven_local_repository\org\slf4j\jcl-over-slf4j\1.7.25\jcl-over-slf4j-1.7.25.jar;G:\apache-maven-3.6.1\my_maven_local_repository\org\slf4j\jul-to-slf4j\1.7.25\jul-to-slf4j-1.7.25.jar;G:\apache-maven-3.6.1\my_maven_local_repository\org\slf4j\log4j-over-slf4j\1.7.25\log4j-over-sl
Launcher Type: SUN_STANDARD

Environment Variables:
JAVA_HOME=G:\jdk1.8
CLASSPATH=.;G:\jdk1.8\lib\dt.jar;G:\jdk1.8\lib\tools.jar;
PATH=G:\idea\IntelliJ IDEA 2019.2\jbr\\bin;G:\idea\IntelliJ IDEA 2019.2\jbr\\bin\server;G:\jdk1.8\bin;C:\Windows\system32;C:\Windows;C:\Windows\System32\Wbem;C:\Windows\System32\WindowsPowerShell\v1.0\;C:\Program Files (x86)\NVIDIA Corporation\PhysX\Common;G:\VC++\bin\win32;C:\Program Files (x86)\Microsoft SQL Server\90\Tools\binn\;C:\WINDOWS\system32;C:\WINDOWS;C:\WINDOWS\System32\Wbem;C:\WINDOWS\System32\WindowsPowerShell\v1.0\;g:\quartus\quartus\bin;C:\WINDOWS\System32\OpenSSH\;C:\Program Files\Microsoft SQL Server\120\Tools\Binn\;C:\Users\zfeng\.dnx\bin;C:\Program Files\Microsoft DNX\Dnvm\;C:\Program Files (x86)\Windows Kits\8.1\Windows Performance Toolkit\;C:\Program Files\Microsoft SQL Server\130\Tools\Binn\;F:\QT\5.11.2\msvc2015_64\bin;F:\opencv\opencv\build\bin;G:\apache-maven-3.6.1\bin;C:\Program Files\MySQL\MySQL Server 8.0\bin;G:\jdk1.8\jre\bin;
USERNAME=zfeng
OS=Windows_NT
PROCESSOR_IDENTIFIER=Intel64 Family 6 Model 60 Stepping 3, GenuineIntel



---------------  S Y S T E M  ---------------

OS: Windows 10.0 , 64 bit Build 17134 (10.0.17134.753)

CPU:total 4 (initial active 4) (2 cores per cpu, 2 threads per core) family 6 model 60 stepping 3, cmov, cx8, fxsr, mmx, sse, sse2, sse3, ssse3, sse4.1, sse4.2, popcnt, avx, avx2, aes, clmul, erms, lzcnt, ht, tsc, tscinvbit, bmi1, bmi2

Memory: 4k page, physical 8272996k(2012932k free), swap 12491076k(48k free)

vm_info: Java HotSpot(TM) 64-Bit Server VM (25.231-b11) for windows-amd64 JRE (1.8.0_231-b11), built on Oct  5 2019 03:11:30 by "java_re" with MS VC++ 10.0 (VS2010)

time: Thu Jan 23 04:49:51 2020
timezone: 中国标准时间
elapsed time: 58456 seconds (0d 16h 14m 16s)

