#
# There is insufficient memory for the Java Runtime Environment to continue.
# Native memory allocation (malloc) failed to allocate 40736 bytes for Chunk::new
# Possible reasons:
#   The system is out of physical RAM or swap space
#   The process is running with CompressedOops enabled, and the Java Heap may be blocking the growth of the native heap
# Possible solutions:
#   Reduce memory load on the system
#   Increase physical memory or swap space
#   Check if swap backing store is full
#   Decrease Java heap size (-Xmx/-Xms)
#   Decrease number of Java threads
#   Decrease Java thread stack sizes (-Xss)
#   Set larger code cache with -XX:ReservedCodeCacheSize=
#   JVM is running with Zero Based Compressed Oops mode in which the Java heap is
#     placed in the first 32GB address space. The Java Heap base address is the
#     maximum limit for the native heap growth. Please use -XX:HeapBaseMinAddress
#     to set the Java Heap base and to place the Java Heap above 32GB virtual address.
# This output file may be truncated or incomplete.
#
#  Out of Memory Error (allocation.cpp:389), pid=20376, tid=0x00000000000020a8
#
# JRE version: Java(TM) SE Runtime Environment (8.0_231-b11) (build 1.8.0_231-b11)
# Java VM: Java HotSpot(TM) 64-Bit Server VM (25.231-b11 mixed mode windows-amd64 compressed oops)
# Failed to write core dump. Minidumps are not enabled by default on client versions of Windows
#

---------------  T H R E A D  ---------------

Current thread (0x000000001c18d800):  JavaThread "C2 CompilerThread0" daemon [_thread_in_native, id=8360, stack(0x000000001da90000,0x000000001db90000)]

Stack: [0x000000001da90000,0x000000001db90000]
[error occurred during error reporting (printing stack bounds), id 0xc0000005]

Native frames: (J=compiled Java code, j=interpreted, Vv=VM code, C=native code)


Current CompileTask:
C2:    210   86       4       sun.misc.ASCIICaseInsensitiveComparator::compare (126 bytes)


---------------  P R O C E S S  ---------------

Java Threads: ( => current thread )
  0x00000000025de800 JavaThread "DestroyJavaVM" [_thread_blocked, id=19016, stack(0x0000000002960000,0x0000000002a60000)]
  0x000000001d51f000 JavaThread "Service Thread" daemon [_thread_blocked, id=10880, stack(0x000000001dd90000,0x000000001de90000)]
  0x000000001d4a2800 JavaThread "C1 CompilerThread2" daemon [_thread_in_native, id=18008, stack(0x000000001dc90000,0x000000001dd90000)]
  0x000000001d49a000 JavaThread "C2 CompilerThread1" daemon [_thread_blocked, id=21004, stack(0x000000001db90000,0x000000001dc90000)]
=>0x000000001c18d800 JavaThread "C2 CompilerThread0" daemon [_thread_in_native, id=8360, stack(0x000000001da90000,0x000000001db90000)]
  0x000000001c140000 JavaThread "Attach Listener" daemon [_thread_blocked, id=3880, stack(0x000000001d990000,0x000000001da90000)]
  0x000000001c13f000 JavaThread "Signal Dispatcher" daemon [_thread_blocked, id=17940, stack(0x000000001d890000,0x000000001d990000)]
  0x0000000002b5c000 JavaThread "Finalizer" daemon [_thread_blocked, id=13908, stack(0x000000001d390000,0x000000001d490000)]
  0x000000001c11a000 JavaThread "Reference Handler" daemon [_thread_blocked, id=13124, stack(0x000000001d290000,0x000000001d390000)]

Other Threads:
  0x000000001c0f7800 VMThread [stack: 0x000000001d190000,0x000000001d290000] [id=18336]
  0x000000001d55f000 WatcherThread [stack: 0x000000001de90000,0x000000001df90000] [id=20868]

VM state:not at safepoint (normal execution)

VM Mutex/Monitor currently owned by a thread: None

OutOfMemory and StackOverflow Exception counts:
OutOfMemoryError java_heap_errors=2

heap address: 0x00000006c1c00000, size: 4068 MB, Compressed Oops mode: Zero based, Oop shift amount: 3
Narrow klass base: 0x0000000000000000, Narrow klass shift: 3
Compressed class space size: 1073741824 Address: 0x00000007c0000000

Heap:
 PSYoungGen      total 76288K, used 5243K [0x000000076b400000, 0x0000000770900000, 0x00000007c0000000)
  eden space 65536K, 8% used [0x000000076b400000,0x000000076b91eda0,0x000000076f400000)
  from space 10752K, 0% used [0x000000076fe80000,0x000000076fe80000,0x0000000770900000)
  to   space 10752K, 0% used [0x000000076f400000,0x000000076f400000,0x000000076fe80000)
 ParOldGen       total 175104K, used 0K [0x00000006c1c00000, 0x00000006cc700000, 0x000000076b400000)
  object space 175104K, 0% used [0x00000006c1c00000,0x00000006c1c00000,0x00000006cc700000)
 Metaspace       used 3119K, capacity 4670K, committed 4864K, reserved 1056768K
  class space    used 331K, capacity 426K, committed 512K, reserved 1048576K

Card table byte_map: [0x0000000011f20000,0x0000000012720000] byte_map_base: 0x000000000e912000

Marking Bits: (ParMarkBitMap*) 0x000000005df96d90
 Begin Bits: [0x0000000013070000, 0x0000000017000000)
 End Bits:   [0x0000000017000000, 0x000000001af90000)

Polling page: 0x00000000003f0000

CodeCache: size=245760Kb used=1225Kb max_used=1236Kb free=244534Kb
 bounds [0x0000000002b60000, 0x0000000002dd0000, 0x0000000011b60000]
 total_blobs=334 nmethods=87 adapters=160
 compilation: enabled

Compilation events (10 events):
Event: 0.168 Thread 0x000000001d4a2800   83   !   3       sun.misc.URLClassPath$JarLoader::getResource (85 bytes)
Event: 0.169 Thread 0x000000001d4a2800 nmethod 83 0x0000000002c903d0 code [0x0000000002c90600, 0x0000000002c90f18]
Event: 0.169 Thread 0x000000001d4a2800   84       3       java.util.Arrays::copyOf (19 bytes)
Event: 0.170 Thread 0x000000001d4a2800 nmethod 84 0x0000000002c913d0 code [0x0000000002c91540, 0x0000000002c91868]
Event: 0.170 Thread 0x000000001d49a000   85       4       sun.misc.ASCIICaseInsensitiveComparator::compare (13 bytes)
Event: 0.170 Thread 0x000000001c18d800   86       4       sun.misc.ASCIICaseInsensitiveComparator::compare (126 bytes)
Event: 0.173 Thread 0x000000001d4a2800   88       3       java.lang.String::<init> (10 bytes)
Event: 0.178 Thread 0x000000001d49a000 nmethod 85 0x0000000002c94d50 code [0x0000000002c94ea0, 0x0000000002c95298]
Event: 0.178 Thread 0x000000001d49a000   90       4       sun.nio.cs.ext.DoubleByte$Encoder::encodeChar (21 bytes)
Event: 0.179 Thread 0x000000001d49a000 nmethod 90 0x0000000002c85010 code [0x0000000002c85160, 0x0000000002c85258]

GC Heap History (0 events):
No events

Deoptimization events (0 events):
No events

Classes redefined (0 events):
No events

Internal exceptions (4 events):
Event: 0.045 Thread 0x00000000025de800 Exception <a 'java/lang/NoSuchMethodError': Method sun.misc.Unsafe.defineClass(Ljava/lang/String;[BII)Ljava/lang/Class; name or signature does not match> (0x000000076b407cb8) thrown at [C:\re\workspace\8-2-build-windows-amd64-cygwin\jdk8u231\13620\hotspot
Event: 0.045 Thread 0x00000000025de800 Exception <a 'java/lang/NoSuchMethodError': Method sun.misc.Unsafe.prefetchRead(Ljava/lang/Object;J)V name or signature does not match> (0x000000076b407fa0) thrown at [C:\re\workspace\8-2-build-windows-amd64-cygwin\jdk8u231\13620\hotspot\src\share\vm\prim
Event: 0.175 Thread 0x00000000025de800 Exception <a 'java/lang/OutOfMemoryError'> (0x000000076b701808) thrown at [C:\re\workspace\8-2-build-windows-amd64-cygwin\jdk8u231\13620\hotspot\src\share\vm\prims\jni.cpp, line 736]
Event: 0.175 Thread 0x00000000025de800 Exception <a 'java/lang/OutOfMemoryError'> (0x000000076b701808) thrown at [C:\re\workspace\8-2-build-windows-amd64-cygwin\jdk8u231\13620\hotspot\src\share\vm\prims\jvm.cpp, line 1506]

Events (10 events):
Event: 0.175 loading class java/security/PrivilegedActionException
Event: 0.175 loading class java/security/PrivilegedActionException done
Event: 0.176 loading class java/lang/Throwable$WrappedPrintStream
Event: 0.176 loading class java/lang/Throwable$PrintStreamOrWriter
Event: 0.176 loading class java/lang/Throwable$PrintStreamOrWriter done
Event: 0.176 loading class java/lang/Throwable$WrappedPrintStream done
Event: 0.176 loading class java/util/IdentityHashMap
Event: 0.176 loading class java/util/IdentityHashMap done
Event: 0.176 loading class java/util/IdentityHashMap$KeySet
Event: 0.177 loading class java/util/IdentityHashMap$KeySet done


Dynamic libraries:
0x00007ff65b130000 - 0x00007ff65b167000 	G:\jdk1.8\bin\java.exe
0x00007ffd53d40000 - 0x00007ffd53f21000 	C:\WINDOWS\SYSTEM32\ntdll.dll
0x00007ffd51cd0000 - 0x00007ffd51d81000 	C:\WINDOWS\System32\KERNEL32.DLL
0x00007ffd50510000 - 0x00007ffd50783000 	C:\WINDOWS\System32\KERNELBASE.dll
0x00007ffd51c20000 - 0x00007ffd51cc1000 	C:\WINDOWS\System32\ADVAPI32.dll
0x00007ffd53940000 - 0x00007ffd539de000 	C:\WINDOWS\System32\msvcrt.dll
0x00007ffd51e30000 - 0x00007ffd51e8b000 	C:\WINDOWS\System32\sechost.dll
0x00007ffd517c0000 - 0x00007ffd518e4000 	C:\WINDOWS\System32\RPCRT4.dll
0x00007ffd52110000 - 0x00007ffd522a0000 	C:\WINDOWS\System32\USER32.dll
0x00007ffd50f50000 - 0x00007ffd50f70000 	C:\WINDOWS\System32\win32u.dll
0x00007ffd53910000 - 0x00007ffd53938000 	C:\WINDOWS\System32\GDI32.dll
0x00007ffd50370000 - 0x00007ffd50501000 	C:\WINDOWS\System32\gdi32full.dll
0x00007ffd50f70000 - 0x00007ffd5100f000 	C:\WINDOWS\System32\msvcp_win.dll
0x00007ffd51010000 - 0x00007ffd51108000 	C:\WINDOWS\System32\ucrtbase.dll
0x00007ffd44320000 - 0x00007ffd44589000 	C:\WINDOWS\WinSxS\amd64_microsoft.windows.common-controls_6595b64144ccf1df_6.0.17134.1304_none_d3fbe61b7c93d9f0\COMCTL32.dll
0x00007ffd518f0000 - 0x00007ffd51c11000 	C:\WINDOWS\System32\combase.dll
0x00007ffd50100000 - 0x00007ffd50179000 	C:\WINDOWS\System32\bcryptPrimitives.dll
0x00007ffd53ab0000 - 0x00007ffd53add000 	C:\WINDOWS\System32\IMM32.DLL
0x000000005ea80000 - 0x000000005eb52000 	G:\jdk1.8\jre\bin\msvcr100.dll
0x000000005d770000 - 0x000000005e016000 	G:\jdk1.8\jre\bin\server\jvm.dll
0x00007ffd53d00000 - 0x00007ffd53d08000 	C:\WINDOWS\System32\PSAPI.DLL
0x00007ffd3dfe0000 - 0x00007ffd3dfe9000 	C:\WINDOWS\SYSTEM32\WSOCK32.dll
0x00007ffd4dfc0000 - 0x00007ffd4dfe3000 	C:\WINDOWS\SYSTEM32\WINMM.dll
0x00007ffd488a0000 - 0x00007ffd488aa000 	C:\WINDOWS\SYSTEM32\VERSION.dll
0x00007ffd53a40000 - 0x00007ffd53aac000 	C:\WINDOWS\System32\WS2_32.dll
0x00007ffd4df90000 - 0x00007ffd4dfba000 	C:\WINDOWS\SYSTEM32\winmmbase.dll
0x00007ffd50f00000 - 0x00007ffd50f49000 	C:\WINDOWS\System32\cfgmgr32.dll
0x00007ffd41ef0000 - 0x00007ffd41eff000 	G:\jdk1.8\jre\bin\verify.dll
0x00007ffd30380000 - 0x00007ffd303a9000 	G:\jdk1.8\jre\bin\java.dll
0x00007ffd408c0000 - 0x00007ffd408d6000 	G:\jdk1.8\jre\bin\zip.dll
0x00007ffd522a0000 - 0x00007ffd536e5000 	C:\WINDOWS\System32\SHELL32.dll
0x00007ffd53c50000 - 0x00007ffd53cf9000 	C:\WINDOWS\System32\shcore.dll
0x00007ffd507f0000 - 0x00007ffd50f00000 	C:\WINDOWS\System32\windows.storage.dll
0x00007ffd539e0000 - 0x00007ffd53a31000 	C:\WINDOWS\System32\shlwapi.dll
0x00007ffd500c0000 - 0x00007ffd500d1000 	C:\WINDOWS\System32\kernel.appcore.dll
0x00007ffd500e0000 - 0x00007ffd500ff000 	C:\WINDOWS\System32\profapi.dll
0x00007ffd50060000 - 0x00007ffd500ac000 	C:\WINDOWS\System32\powrprof.dll
0x00007ffd500b0000 - 0x00007ffd500ba000 	C:\WINDOWS\System32\FLTLIB.DLL

VM Arguments:
jvm_args: -Dclassworlds.conf=G:\apache-maven-3.6.1\bin\..\bin\m2.conf -Dmaven.home=G:\apache-maven-3.6.1\bin\.. -Dlibrary.jansi.path=G:\apache-maven-3.6.1\bin\..\lib\jansi-native -Dmaven.multiModuleProjectDirectory=G:\idea\propertymanagement\propertymanagement-api 
java_command: org.codehaus.plexus.classworlds.launcher.Launcher clean install
java_class_path (initial): G:\apache-maven-3.6.1\bin\..\boot\plexus-classworlds-2.6.0.jar
Launcher Type: SUN_STANDARD

Environment Variables:
JAVA_HOME=G:\jdk1.8
CLASSPATH=.;G:\jdk1.8\lib\dt.jar;G:\jdk1.8\lib\tools.jar;
PATH=G:\idea\IntelliJ IDEA 2019.2\jbr\\bin;G:\idea\IntelliJ IDEA 2019.2\jbr\\bin\server;G:\idea\IntelliJ IDEA 2019.2\jbr\\bin;G:\idea\IntelliJ IDEA 2019.2\jbr\\bin\server;G:\jdk1.8\bin;C:\Windows\system32;C:\Windows;C:\Windows\System32\Wbem;C:\Windows\System32\WindowsPowerShell\v1.0\;C:\Program Files (x86)\NVIDIA Corporation\PhysX\Common;G:\VC++\bin\win32;C:\Program Files (x86)\Microsoft SQL Server\90\Tools\binn\;C:\WINDOWS\system32;C:\WINDOWS;C:\WINDOWS\System32\Wbem;C:\WINDOWS\System32\WindowsPowerShell\v1.0\;g:\quartus\quartus\bin;C:\WINDOWS\System32\OpenSSH\;C:\Program Files\Microsoft SQL Server\120\Tools\Binn\;C:\WINDOWS\system32\config\systemprofile\.dnx\bin;C:\Program Files\Microsoft DNX\Dnvm\;C:\Program Files (x86)\Windows Kits\8.1\Windows Performance Toolkit\;C:\Program Files\Microsoft SQL Server\130\Tools\Binn\;F:\QT\5.11.2\msvc2015_64\bin;F:\opencv\opencv\build\bin;G:\apache-maven-3.6.1\bin;C:\Program Files\MySQL\MySQL Server 8.0\bin;G:\jdk1.8\jre\bin;F:\GitBash\Git\cmd
USERNAME=zfeng
OS=Windows_NT
PROCESSOR_IDENTIFIER=Intel64 Family 6 Model 60 Stepping 3, GenuineIntel



---------------  S Y S T E M  ---------------

OS: Windows 10.0 , 64 bit Build 17134 (10.0.17134.753)

CPU:total 4 (initial active 4) (2 cores per cpu, 2 threads per core) family 6 model 60 stepping 3, cmov, cx8, fxsr, mmx, sse, sse2, sse3, ssse3, sse4.1, sse4.2, popcnt, avx, avx2, aes, clmul, erms, lzcnt, ht, tsc, tscinvbit, bmi1, bmi2

Memory: 4k page, physical 16661604k(5763464k free), swap 25736472k(2048k free)

vm_info: Java HotSpot(TM) 64-Bit Server VM (25.231-b11) for windows-amd64 JRE (1.8.0_231-b11), built on Oct  5 2019 03:11:30 by "java_re" with MS VC++ 10.0 (VS2010)

time: Fri Mar 13 00:13:26 2020
timezone: 中国标准时间
elapsed time: 0 seconds (0d 0h 0m 0s)

