#
# There is insufficient memory for the Java Runtime Environment to continue.
# Native memory allocation (malloc) failed to allocate 2398416 bytes for Chunk::new
# Possible reasons:
#   The system is out of physical RAM or swap space
#   The process is running with CompressedOops enabled, and the Java Heap may be blocking the growth of the native heap
# Possible solutions:
#   Reduce memory load on the system
#   Increase physical memory or swap space
#   Check if swap backing store is full
#   Decrease Java heap size (-Xmx/-Xms)
#   Decrease number of Java threads
#   Decrease Java thread stack sizes (-Xss)
#   Set larger code cache with -XX:ReservedCodeCacheSize=
#   JVM is running with Zero Based Compressed Oops mode in which the Java heap is
#     placed in the first 32GB address space. The Java Heap base address is the
#     maximum limit for the native heap growth. Please use -XX:HeapBaseMinAddress
#     to set the Java Heap base and to place the Java Heap above 32GB virtual address.
# This output file may be truncated or incomplete.
#
#  Out of Memory Error (allocation.cpp:389), pid=16416, tid=0x0000000000004c5c
#
# JRE version: Java(TM) SE Runtime Environment (8.0_231-b11) (build 1.8.0_231-b11)
# Java VM: Java HotSpot(TM) 64-Bit Server VM (25.231-b11 mixed mode windows-amd64 compressed oops)
# Failed to write core dump. Minidumps are not enabled by default on client versions of Windows
#

---------------  T H R E A D  ---------------

Current thread (0x000000001c58b800):  JavaThread "C2 CompilerThread0" daemon [_thread_in_native, id=19548, stack(0x000000001de90000,0x000000001df90000)]

Stack: [0x000000001de90000,0x000000001df90000]
[error occurred during error reporting (printing stack bounds), id 0xc0000005]

Native frames: (J=compiled Java code, j=interpreted, Vv=VM code, C=native code)


Current CompileTask:
C2:   5330 3459       4       java.net.URLClassLoader$1::run (5 bytes)


---------------  P R O C E S S  ---------------

Java Threads: ( => current thread )
  0x000000001d918000 JavaThread "Service Thread" daemon [_thread_blocked, id=15280, stack(0x000000001e190000,0x000000001e290000)]
  0x000000001d89d800 JavaThread "C1 CompilerThread2" daemon [_thread_blocked, id=13368, stack(0x000000001e090000,0x000000001e190000)]
  0x000000001c58e800 JavaThread "C2 CompilerThread1" daemon [_thread_in_native, id=22140, stack(0x000000001df90000,0x000000001e090000)]
=>0x000000001c58b800 JavaThread "C2 CompilerThread0" daemon [_thread_in_native, id=19548, stack(0x000000001de90000,0x000000001df90000)]
  0x000000001c540000 JavaThread "Attach Listener" daemon [_thread_blocked, id=6824, stack(0x000000001dd90000,0x000000001de90000)]
  0x000000001c53f000 JavaThread "Signal Dispatcher" daemon [_thread_blocked, id=21040, stack(0x000000001dc90000,0x000000001dd90000)]
  0x0000000002f5c000 JavaThread "Finalizer" daemon [_thread_blocked, id=19824, stack(0x000000001d790000,0x000000001d890000)]
  0x000000001c51a000 JavaThread "Reference Handler" daemon [_thread_blocked, id=17468, stack(0x000000001d690000,0x000000001d790000)]
  0x0000000002e5e800 JavaThread "main" [_thread_in_Java, id=21280, stack(0x0000000002cf0000,0x0000000002df0000)]

Other Threads:
  0x000000001c4f7800 VMThread [stack: 0x000000001d590000,0x000000001d690000] [id=5644]
  0x000000001d976000 WatcherThread [stack: 0x000000001e290000,0x000000001e390000] [id=21292]

VM state:not at safepoint (normal execution)

VM Mutex/Monitor currently owned by a thread: None

heap address: 0x00000006c1c00000, size: 4068 MB, Compressed Oops mode: Zero based, Oop shift amount: 3
Narrow klass base: 0x0000000000000000, Narrow klass shift: 3
Compressed class space size: 1073741824 Address: 0x00000007c0000000

Heap:
 PSYoungGen      total 141824K, used 27385K [0x000000076b400000, 0x0000000774900000, 0x00000007c0000000)
  eden space 131072K, 12% used [0x000000076b400000,0x000000076c442608,0x0000000773400000)
  from space 10752K, 99% used [0x0000000773e80000,0x00000007748fc060,0x0000000774900000)
  to   space 10752K, 0% used [0x0000000773400000,0x0000000773400000,0x0000000773e80000)
 ParOldGen       total 175104K, used 7877K [0x00000006c1c00000, 0x00000006cc700000, 0x000000076b400000)
  object space 175104K, 4% used [0x00000006c1c00000,0x00000006c23b16f0,0x00000006cc700000)
 Metaspace       used 20666K, capacity 21180K, committed 21296K, reserved 1069056K
  class space    used 2482K, capacity 2624K, committed 2688K, reserved 1048576K

Card table byte_map: [0x0000000012320000,0x0000000012b20000] byte_map_base: 0x000000000ed12000

Marking Bits: (ParMarkBitMap*) 0x000000005df96d90
 Begin Bits: [0x0000000013470000, 0x0000000017400000)
 End Bits:   [0x0000000017400000, 0x000000001b390000)

Polling page: 0x0000000000bd0000

CodeCache: size=245760Kb used=12275Kb max_used=12275Kb free=233485Kb
 bounds [0x0000000002f60000, 0x0000000003b70000, 0x0000000011f60000]
 total_blobs=3858 nmethods=3471 adapters=299
 compilation: enabled

Compilation events (10 events):
Event: 5.208 Thread 0x000000001d89d800 3488   !   3       java.util.jar.Attributes::read (380 bytes)
Event: 5.212 Thread 0x000000001d89d800 nmethod 3488 0x0000000003b616d0 code [0x0000000003b61b20, 0x0000000003b640e8]
Event: 5.212 Thread 0x000000001d89d800 3489       3       java.util.jar.Manifest::toLower (24 bytes)
Event: 5.212 Thread 0x000000001d89d800 nmethod 3489 0x0000000003b657d0 code [0x0000000003b65920, 0x0000000003b65b10]
Event: 5.214 Thread 0x000000001d89d800 3490       3       java.util.jar.Attributes::<init> (17 bytes)
Event: 5.215 Thread 0x000000001d89d800 nmethod 3490 0x0000000003b65b90 code [0x0000000003b65d20, 0x0000000003b66008]
Event: 5.216 Thread 0x000000001d89d800 3491   !   3       java.util.jar.Manifest::parseName (84 bytes)
Event: 5.217 Thread 0x000000001d89d800 nmethod 3491 0x0000000003b66150 code [0x0000000003b66320, 0x0000000003b66b08]
Event: 5.217 Thread 0x000000001d89d800 3492       3       java.util.jar.Attributes::size (10 bytes)
Event: 5.217 Thread 0x000000001d89d800 nmethod 3492 0x0000000003b66dd0 code [0x0000000003b66f40, 0x0000000003b67168]

GC Heap History (8 events):
Event: 1.250 GC heap before
{Heap before GC invocations=1 (full 0):
 PSYoungGen      total 76288K, used 65536K [0x000000076b400000, 0x0000000770900000, 0x00000007c0000000)
  eden space 65536K, 100% used [0x000000076b400000,0x000000076f400000,0x000000076f400000)
  from space 10752K, 0% used [0x000000076fe80000,0x000000076fe80000,0x0000000770900000)
  to   space 10752K, 0% used [0x000000076f400000,0x000000076f400000,0x000000076fe80000)
 ParOldGen       total 175104K, used 0K [0x00000006c1c00000, 0x00000006cc700000, 0x000000076b400000)
  object space 175104K, 0% used [0x00000006c1c00000,0x00000006c1c00000,0x00000006cc700000)
 Metaspace       used 11549K, capacity 11828K, committed 12032K, reserved 1060864K
  class space    used 1430K, capacity 1512K, committed 1536K, reserved 1048576K
Event: 1.260 GC heap after
Heap after GC invocations=1 (full 0):
 PSYoungGen      total 76288K, used 10313K [0x000000076b400000, 0x0000000770900000, 0x00000007c0000000)
  eden space 65536K, 0% used [0x000000076b400000,0x000000076b400000,0x000000076f400000)
  from space 10752K, 95% used [0x000000076f400000,0x000000076fe12748,0x000000076fe80000)
  to   space 10752K, 0% used [0x000000076fe80000,0x000000076fe80000,0x0000000770900000)
 ParOldGen       total 175104K, used 16K [0x00000006c1c00000, 0x00000006cc700000, 0x000000076b400000)
  object space 175104K, 0% used [0x00000006c1c00000,0x00000006c1c04000,0x00000006cc700000)
 Metaspace       used 11549K, capacity 11828K, committed 12032K, reserved 1060864K
  class space    used 1430K, capacity 1512K, committed 1536K, reserved 1048576K
}
Event: 2.355 GC heap before
{Heap before GC invocations=2 (full 0):
 PSYoungGen      total 76288K, used 75849K [0x000000076b400000, 0x0000000770900000, 0x00000007c0000000)
  eden space 65536K, 100% used [0x000000076b400000,0x000000076f400000,0x000000076f400000)
  from space 10752K, 95% used [0x000000076f400000,0x000000076fe12748,0x000000076fe80000)
  to   space 10752K, 0% used [0x000000076fe80000,0x000000076fe80000,0x0000000770900000)
 ParOldGen       total 175104K, used 16K [0x00000006c1c00000, 0x00000006cc700000, 0x000000076b400000)
  object space 175104K, 0% used [0x00000006c1c00000,0x00000006c1c04000,0x00000006cc700000)
 Metaspace       used 15224K, capacity 15482K, committed 15872K, reserved 1062912K
  class space    used 1847K, capacity 1945K, committed 2048K, reserved 1048576K
Event: 2.373 GC heap after
Heap after GC invocations=2 (full 0):
 PSYoungGen      total 76288K, used 10737K [0x000000076b400000, 0x0000000774900000, 0x00000007c0000000)
  eden space 65536K, 0% used [0x000000076b400000,0x000000076b400000,0x000000076f400000)
  from space 10752K, 99% used [0x000000076fe80000,0x00000007708fc568,0x0000000770900000)
  to   space 10752K, 0% used [0x000000076f400000,0x000000076f400000,0x000000076fe80000)
 ParOldGen       total 175104K, used 747K [0x00000006c1c00000, 0x00000006cc700000, 0x000000076b400000)
  object space 175104K, 0% used [0x00000006c1c00000,0x00000006c1cbac88,0x00000006cc700000)
 Metaspace       used 15224K, capacity 15482K, committed 15872K, reserved 1062912K
  class space    used 1847K, capacity 1945K, committed 2048K, reserved 1048576K
}
Event: 3.243 GC heap before
{Heap before GC invocations=3 (full 0):
 PSYoungGen      total 76288K, used 76273K [0x000000076b400000, 0x0000000774900000, 0x00000007c0000000)
  eden space 65536K, 100% used [0x000000076b400000,0x000000076f400000,0x000000076f400000)
  from space 10752K, 99% used [0x000000076fe80000,0x00000007708fc568,0x0000000770900000)
  to   space 10752K, 0% used [0x000000076f400000,0x000000076f400000,0x000000076fe80000)
 ParOldGen       total 175104K, used 747K [0x00000006c1c00000, 0x00000006cc700000, 0x000000076b400000)
  object space 175104K, 0% used [0x00000006c1c00000,0x00000006c1cbac88,0x00000006cc700000)
 Metaspace       used 15642K, capacity 15972K, committed 16128K, reserved 1062912K
  class space    used 1855K, capacity 1952K, committed 2048K, reserved 1048576K
Event: 3.261 GC heap after
Heap after GC invocations=3 (full 0):
 PSYoungGen      total 76288K, used 10736K [0x000000076b400000, 0x0000000774900000, 0x00000007c0000000)
  eden space 65536K, 0% used [0x000000076b400000,0x000000076b400000,0x000000076f400000)
  from space 10752K, 99% used [0x000000076f400000,0x000000076fe7c020,0x000000076fe80000)
  to   space 10752K, 0% used [0x0000000773e80000,0x0000000773e80000,0x0000000774900000)
 ParOldGen       total 175104K, used 4232K [0x00000006c1c00000, 0x00000006cc700000, 0x000000076b400000)
  object space 175104K, 2% used [0x00000006c1c00000,0x00000006c2022000,0x00000006cc700000)
 Metaspace       used 15642K, capacity 15972K, committed 16128K, reserved 1062912K
  class space    used 1855K, capacity 1952K, committed 2048K, reserved 1048576K
}
Event: 4.704 GC heap before
{Heap before GC invocations=4 (full 0):
 PSYoungGen      total 76288K, used 76272K [0x000000076b400000, 0x0000000774900000, 0x00000007c0000000)
  eden space 65536K, 100% used [0x000000076b400000,0x000000076f400000,0x000000076f400000)
  from space 10752K, 99% used [0x000000076f400000,0x000000076fe7c020,0x000000076fe80000)
  to   space 10752K, 0% used [0x0000000773e80000,0x0000000773e80000,0x0000000774900000)
 ParOldGen       total 175104K, used 4232K [0x00000006c1c00000, 0x00000006cc700000, 0x000000076b400000)
  object space 175104K, 2% used [0x00000006c1c00000,0x00000006c2022000,0x00000006cc700000)
 Metaspace       used 17873K, capacity 18364K, committed 18432K, reserved 1064960K
  class space    used 2097K, capacity 2240K, committed 2304K, reserved 1048576K
Event: 4.724 GC heap after
Heap after GC invocations=4 (full 0):
 PSYoungGen      total 141824K, used 10736K [0x000000076b400000, 0x0000000774900000, 0x00000007c0000000)
  eden space 131072K, 0% used [0x000000076b400000,0x000000076b400000,0x0000000773400000)
  from space 10752K, 99% used [0x0000000773e80000,0x00000007748fc060,0x0000000774900000)
  to   space 10752K, 0% used [0x0000000773400000,0x0000000773400000,0x0000000773e80000)
 ParOldGen       total 175104K, used 7877K [0x00000006c1c00000, 0x00000006cc700000, 0x000000076b400000)
  object space 175104K, 4% used [0x00000006c1c00000,0x00000006c23b16f0,0x00000006cc700000)
 Metaspace       used 17873K, capacity 18364K, committed 18432K, reserved 1064960K
  class space    used 2097K, capacity 2240K, committed 2304K, reserved 1048576K
}

Deoptimization events (10 events):
Event: 3.597 Thread 0x0000000002e5e800 Uncommon trap: reason=null_check action=make_not_entrant pc=0x00000000038c89bc method=org.eclipse.aether.internal.impl.collect.CachingArtifactTypeRegistry.get(Ljava/lang/String;)Lorg/eclipse/aether/artifact/ArtifactType; @ 10
Event: 3.625 Thread 0x0000000002e5e800 Uncommon trap: reason=unstable_if action=reinterpret pc=0x0000000003913d8c method=org.codehaus.plexus.util.StringUtils.isNotEmpty(Ljava/lang/String;)Z @ 8
Event: 3.625 Thread 0x0000000002e5e800 Uncommon trap: reason=class_check action=maybe_recompile pc=0x000000000387869c method=org.eclipse.sisu.wire.EntryListAdapter$ValueIterator.hasNext()Z @ 4
Event: 3.644 Thread 0x0000000002e5e800 Uncommon trap: reason=unstable_if action=reinterpret pc=0x0000000003575ab4 method=sun.net.www.protocol.jar.Handler.parseURL(Ljava/net/URL;Ljava/lang/String;II)V @ 116
Event: 3.808 Thread 0x0000000002e5e800 Uncommon trap: reason=null_check action=make_not_entrant pc=0x000000000395c7a4 method=org.apache.maven.model.validation.DefaultModelValidator.validateEffectiveDependency(Lorg/apache/maven/model/building/ModelProblemCollector;Lorg/apache/maven/model/Depend
Event: 4.049 Thread 0x0000000002e5e800 Uncommon trap: reason=class_check action=maybe_recompile pc=0x000000000387869c method=org.eclipse.sisu.wire.EntryListAdapter$ValueIterator.hasNext()Z @ 4
Event: 4.051 Thread 0x0000000002e5e800 Uncommon trap: reason=unstable_if action=reinterpret pc=0x000000000365e0bc method=org.eclipse.sisu.plexus.RealmFilteredBeans$FilteredItr.hasNext()Z @ 44
Event: 4.518 Thread 0x0000000002e5e800 Uncommon trap: reason=class_check action=maybe_recompile pc=0x000000000387869c method=org.eclipse.sisu.wire.EntryListAdapter$ValueIterator.hasNext()Z @ 4
Event: 4.734 Thread 0x0000000002e5e800 Uncommon trap: reason=unstable_if action=reinterpret pc=0x0000000003a3190c method=java.nio.charset.CharsetDecoder.decode(Ljava/nio/ByteBuffer;Ljava/nio/CharBuffer;Z)Ljava/nio/charset/CoderResult; @ 1
Event: 5.206 Thread 0x0000000002e5e800 Uncommon trap: reason=unstable_if action=reinterpret pc=0x0000000003315948 method=java.util.jar.Manifest$FastInputStream.readLine([BII)I @ 87

Classes redefined (0 events):
No events

Internal exceptions (10 events):
Event: 1.586 Thread 0x0000000002e5e800 Exception <a 'java/lang/NullPointerException'> (0x000000076c3bd940) thrown at [C:\re\workspace\8-2-build-windows-amd64-cygwin\jdk8u231\13620\hotspot\src\share\vm\interpreter\linkResolver.cpp, line 1185]
Event: 1.586 Thread 0x0000000002e5e800 Exception <a 'java/lang/NullPointerException'> (0x000000076c3bdb58) thrown at [C:\re\workspace\8-2-build-windows-amd64-cygwin\jdk8u231\13620\hotspot\src\share\vm\interpreter\linkResolver.cpp, line 1185]
Event: 1.619 Thread 0x0000000002e5e800 Implicit null exception at 0x00000000032bf557 to 0x00000000032bf945
Event: 1.619 Thread 0x0000000002e5e800 Implicit null exception at 0x000000000315d496 to 0x000000000315d839
Event: 2.129 Thread 0x0000000002e5e800 Implicit null exception at 0x000000000333a9d5 to 0x000000000333abd5
Event: 2.129 Thread 0x0000000002e5e800 Implicit null exception at 0x000000000325cdaf to 0x000000000325ce19
Event: 2.235 Thread 0x0000000002e5e800 Implicit null exception at 0x0000000003682301 to 0x00000000036834c5
Event: 3.597 Thread 0x0000000002e5e800 Implicit null exception at 0x00000000038c6de8 to 0x00000000038c899d
Event: 3.808 Thread 0x0000000002e5e800 Implicit null exception at 0x0000000003958273 to 0x000000000395c795
Event: 4.664 Thread 0x0000000002e5e800 Exception <a 'java/lang/ClassNotFoundException': com/sun/tools/javac/api/JavacTool> (0x000000076f1dad28) thrown at [C:\re\workspace\8-2-build-windows-amd64-cygwin\jdk8u231\13620\hotspot\src\share\vm\classfile\systemDictionary.cpp, line 210]

Events (10 events):
Event: 5.153 loading class com/sun/tools/javac/file/Locations$Path done
Event: 5.153 Executing VM operation: Deoptimize
Event: 5.154 Executing VM operation: Deoptimize done
Event: 5.155 loading class com/sun/tools/javac/util/ListBuffer$1
Event: 5.155 loading class com/sun/tools/javac/util/ListBuffer$1 done
Event: 5.158 loading class com/sun/tools/javac/util/StringUtils
Event: 5.158 loading class com/sun/tools/javac/util/StringUtils done
Event: 5.206 Thread 0x0000000002e5e800 Uncommon trap: trap_request=0xffffff65 fr.pc=0x0000000003315948
Event: 5.206 Thread 0x0000000002e5e800 DEOPT PACKING pc=0x0000000003315948 sp=0x0000000002ded020
Event: 5.206 Thread 0x0000000002e5e800 DEOPT UNPACKING pc=0x0000000002fa583b sp=0x0000000002decfc0 mode 2


Dynamic libraries:
0x00007ff65b130000 - 0x00007ff65b167000 	G:\jdk1.8\bin\java.exe
0x00007ffd53d40000 - 0x00007ffd53f21000 	C:\WINDOWS\SYSTEM32\ntdll.dll
0x00007ffd51cd0000 - 0x00007ffd51d81000 	C:\WINDOWS\System32\KERNEL32.DLL
0x00007ffd50510000 - 0x00007ffd50783000 	C:\WINDOWS\System32\KERNELBASE.dll
0x00007ffd51c20000 - 0x00007ffd51cc1000 	C:\WINDOWS\System32\ADVAPI32.dll
0x00007ffd53940000 - 0x00007ffd539de000 	C:\WINDOWS\System32\msvcrt.dll
0x00007ffd51e30000 - 0x00007ffd51e8b000 	C:\WINDOWS\System32\sechost.dll
0x00007ffd517c0000 - 0x00007ffd518e4000 	C:\WINDOWS\System32\RPCRT4.dll
0x00007ffd52110000 - 0x00007ffd522a0000 	C:\WINDOWS\System32\USER32.dll
0x00007ffd50f50000 - 0x00007ffd50f70000 	C:\WINDOWS\System32\win32u.dll
0x00007ffd53910000 - 0x00007ffd53938000 	C:\WINDOWS\System32\GDI32.dll
0x00007ffd50370000 - 0x00007ffd50501000 	C:\WINDOWS\System32\gdi32full.dll
0x00007ffd50f70000 - 0x00007ffd5100f000 	C:\WINDOWS\System32\msvcp_win.dll
0x00007ffd51010000 - 0x00007ffd51108000 	C:\WINDOWS\System32\ucrtbase.dll
0x00007ffd44320000 - 0x00007ffd44589000 	C:\WINDOWS\WinSxS\amd64_microsoft.windows.common-controls_6595b64144ccf1df_6.0.17134.1304_none_d3fbe61b7c93d9f0\COMCTL32.dll
0x00007ffd518f0000 - 0x00007ffd51c11000 	C:\WINDOWS\System32\combase.dll
0x00007ffd50100000 - 0x00007ffd50179000 	C:\WINDOWS\System32\bcryptPrimitives.dll
0x00007ffd53ab0000 - 0x00007ffd53add000 	C:\WINDOWS\System32\IMM32.DLL
0x000000005ea80000 - 0x000000005eb52000 	G:\jdk1.8\jre\bin\msvcr100.dll
0x000000005d770000 - 0x000000005e016000 	G:\jdk1.8\jre\bin\server\jvm.dll
0x00007ffd53d00000 - 0x00007ffd53d08000 	C:\WINDOWS\System32\PSAPI.DLL
0x00007ffd3dfe0000 - 0x00007ffd3dfe9000 	C:\WINDOWS\SYSTEM32\WSOCK32.dll
0x00007ffd4dfc0000 - 0x00007ffd4dfe3000 	C:\WINDOWS\SYSTEM32\WINMM.dll
0x00007ffd488a0000 - 0x00007ffd488aa000 	C:\WINDOWS\SYSTEM32\VERSION.dll
0x00007ffd53a40000 - 0x00007ffd53aac000 	C:\WINDOWS\System32\WS2_32.dll
0x00007ffd4df90000 - 0x00007ffd4dfba000 	C:\WINDOWS\SYSTEM32\WINMMBASE.dll
0x00007ffd50f00000 - 0x00007ffd50f49000 	C:\WINDOWS\System32\cfgmgr32.dll
0x00007ffd41ef0000 - 0x00007ffd41eff000 	G:\jdk1.8\jre\bin\verify.dll
0x00007ffd30380000 - 0x00007ffd303a9000 	G:\jdk1.8\jre\bin\java.dll
0x00007ffd408c0000 - 0x00007ffd408d6000 	G:\jdk1.8\jre\bin\zip.dll
0x00007ffd522a0000 - 0x00007ffd536e5000 	C:\WINDOWS\System32\SHELL32.dll
0x00007ffd53c50000 - 0x00007ffd53cf9000 	C:\WINDOWS\System32\shcore.dll
0x00007ffd507f0000 - 0x00007ffd50f00000 	C:\WINDOWS\System32\windows.storage.dll
0x00007ffd539e0000 - 0x00007ffd53a31000 	C:\WINDOWS\System32\shlwapi.dll
0x00007ffd500c0000 - 0x00007ffd500d1000 	C:\WINDOWS\System32\kernel.appcore.dll
0x00007ffd500e0000 - 0x00007ffd500ff000 	C:\WINDOWS\System32\profapi.dll
0x00007ffd50060000 - 0x00007ffd500ac000 	C:\WINDOWS\System32\powrprof.dll
0x00007ffd500b0000 - 0x00007ffd500ba000 	C:\WINDOWS\System32\FLTLIB.DLL
0x00007ffd40f30000 - 0x00007ffd40f3a000 	G:\apache-maven-3.6.1\lib\jansi-native\windows64\jansi.dll
0x00007ffd40060000 - 0x00007ffd4007a000 	G:\jdk1.8\jre\bin\net.dll
0x00007ffd4f860000 - 0x00007ffd4f8c6000 	C:\WINDOWS\system32\mswsock.dll
0x00007ffd3dde0000 - 0x00007ffd3ddf2000 	G:\jdk1.8\jre\bin\nio.dll

VM Arguments:
jvm_args: -Dclassworlds.conf=G:\apache-maven-3.6.1\bin\..\bin\m2.conf -Dmaven.home=G:\apache-maven-3.6.1\bin\.. -Dlibrary.jansi.path=G:\apache-maven-3.6.1\bin\..\lib\jansi-native -Dmaven.multiModuleProjectDirectory=G:\idea\propertymanagement\propertymanagement-api 
java_command: org.codehaus.plexus.classworlds.launcher.Launcher clean install
java_class_path (initial): G:\apache-maven-3.6.1\bin\..\boot\plexus-classworlds-2.6.0.jar
Launcher Type: SUN_STANDARD

Environment Variables:
JAVA_HOME=G:\jdk1.8
CLASSPATH=.;G:\jdk1.8\lib\dt.jar;G:\jdk1.8\lib\tools.jar;
PATH=G:\idea\IntelliJ IDEA 2019.2\jbr\\bin;G:\idea\IntelliJ IDEA 2019.2\jbr\\bin\server;G:\idea\IntelliJ IDEA 2019.2\jbr\\bin;G:\idea\IntelliJ IDEA 2019.2\jbr\\bin\server;G:\jdk1.8\bin;C:\Windows\system32;C:\Windows;C:\Windows\System32\Wbem;C:\Windows\System32\WindowsPowerShell\v1.0\;C:\Program Files (x86)\NVIDIA Corporation\PhysX\Common;G:\VC++\bin\win32;C:\Program Files (x86)\Microsoft SQL Server\90\Tools\binn\;C:\WINDOWS\system32;C:\WINDOWS;C:\WINDOWS\System32\Wbem;C:\WINDOWS\System32\WindowsPowerShell\v1.0\;g:\quartus\quartus\bin;C:\WINDOWS\System32\OpenSSH\;C:\Program Files\Microsoft SQL Server\120\Tools\Binn\;C:\WINDOWS\system32\config\systemprofile\.dnx\bin;C:\Program Files\Microsoft DNX\Dnvm\;C:\Program Files (x86)\Windows Kits\8.1\Windows Performance Toolkit\;C:\Program Files\Microsoft SQL Server\130\Tools\Binn\;F:\QT\5.11.2\msvc2015_64\bin;F:\opencv\opencv\build\bin;G:\apache-maven-3.6.1\bin;C:\Program Files\MySQL\MySQL Server 8.0\bin;G:\jdk1.8\jre\bin;F:\GitBash\Git\cmd
USERNAME=zfeng
OS=Windows_NT
PROCESSOR_IDENTIFIER=Intel64 Family 6 Model 60 Stepping 3, GenuineIntel



---------------  S Y S T E M  ---------------

OS: Windows 10.0 , 64 bit Build 17134 (10.0.17134.753)

CPU:total 4 (initial active 4) (2 cores per cpu, 2 threads per core) family 6 model 60 stepping 3, cmov, cx8, fxsr, mmx, sse, sse2, sse3, ssse3, sse4.1, sse4.2, popcnt, avx, avx2, aes, clmul, erms, lzcnt, ht, tsc, tscinvbit, bmi1, bmi2

Memory: 4k page, physical 16661604k(4339624k free), swap 25736472k(5300k free)

vm_info: Java HotSpot(TM) 64-Bit Server VM (25.231-b11) for windows-amd64 JRE (1.8.0_231-b11), built on Oct  5 2019 03:11:30 by "java_re" with MS VC++ 10.0 (VS2010)

time: Wed Mar 11 14:18:14 2020
timezone: 中国标准时间
elapsed time: 5 seconds (0d 0h 0m 5s)

